1 7882720 Nov  5 13:53:31 2015
2 7884530.5 Nov  5 13:53:32 2015
3 7884970 Nov  5 13:53:33 2015
4 7877720.5 Nov  5 13:53:34 2015
5 7881790 Nov  5 13:53:35 2015
6 7884950 Nov  5 13:53:36 2015
7 7882890 Nov  5 13:53:37 2015
8 7884370.5 Nov  5 13:53:38 2015
9 7873030 Nov  5 13:53:39 2015
10 7871690.5 Nov  5 13:53:40 2015
11 7884030.5 Nov  5 13:53:41 2015
12 7875600.5 Nov  5 13:53:42 2015
13 7874700.5 Nov  5 13:53:43 2015
14 7878570.5 Nov  5 13:53:44 2015
15 7883270 Nov  5 13:53:45 2015
16 7878160.5 Nov  5 13:53:46 2015
17 7882230 Nov  5 13:53:47 2015
18 7880100.5 Nov  5 13:53:48 2015
19 7889720 Nov  5 13:53:49 2015
20 7880140.5 Nov  5 13:53:50 2015
21 7882470 Nov  5 13:53:51 2015
22 7895280.5 Nov  5 13:53:52 2015
23 7894110.5 Nov  5 13:53:53 2015
24 7885200 Nov  5 13:53:54 2015
25 7883120 Nov  5 13:53:55 2015
26 7878340 Nov  5 13:53:56 2015
27 7885860.5 Nov  5 13:53:57 2015
28 7879920 Nov  5 13:53:58 2015
29 7877180.5 Nov  5 13:53:58 2015
30 7876890.5 Nov  5 13:54:00 2015
31 7875980.5 Nov  5 13:54:00 2015
32 7869230 Nov  5 13:54:01 2015
33 7870870.5 Nov  5 13:54:02 2015
34 7865390.5 Nov  5 13:54:03 2015
35 7876330.5 Nov  5 13:54:04 2015
36 7867940 Nov  5 13:54:05 2015
37 7871570.5 Nov  5 13:54:06 2015
38 7878590.5 Nov  5 13:54:07 2015
39 7878300 Nov  5 13:54:08 2015
40 7865480.5 Nov  5 13:54:09 2015
41 7864490.5 Nov  5 13:54:10 2015
42 7861290 Nov  5 13:54:11 2015
43 7866480.5 Nov  5 13:54:12 2015
44 7868880.5 Nov  5 13:54:13 2015
45 7871620 Nov  5 13:54:14 2015
46 7865590.5 Nov  5 13:54:15 2015
47 7874200.5 Nov  5 13:54:16 2015
48 7871640 Nov  5 13:54:17 2015
49 7862890 Nov  5 13:54:18 2015
50 7866040 Nov  5 13:54:19 2015
51 7873180.5 Nov  5 13:54:20 2015
52 7867050 Nov  5 13:54:21 2015
53 7870620.5 Nov  5 13:54:22 2015
54 7870180.5 Nov  5 13:54:23 2015
55 7868420 Nov  5 13:54:24 2015
56 7869330 Nov  5 13:54:25 2015
57 7871170.5 Nov  5 13:54:26 2015
58 7897900 Nov  5 13:54:27 2015
59 7871020.5 Nov  5 13:54:28 2015
60 7865680 Nov  5 13:54:29 2015
61 7870640.5 Nov  5 13:54:30 2015
62 7858600 Nov  5 13:54:31 2015
63 7863570 Nov  5 13:54:32 2015
64 7853640 Nov  5 13:54:33 2015
65 7861350 Nov  5 13:54:34 2015
66 7863830 Nov  5 13:54:35 2015
67 7868830 Nov  5 13:54:36 2015
68 7865840.5 Nov  5 13:54:36 2015
69 7860370 Nov  5 13:54:37 2015
70 7852650 Nov  5 13:54:38 2015
71 7868770 Nov  5 13:54:39 2015
72 7862040 Nov  5 13:54:40 2015
73 7858950 Nov  5 13:54:41 2015
74 7863350 Nov  5 13:54:42 2015
75 7862810 Nov  5 13:54:43 2015
76 7863720 Nov  5 13:54:44 2015
77 7869010 Nov  5 13:54:45 2015
78 7863540 Nov  5 13:54:46 2015
79 7874820.5 Nov  5 13:54:47 2015
80 7870450.5 Nov  5 13:54:48 2015
81 7863790 Nov  5 13:54:49 2015
82 7864910 Nov  5 13:54:50 2015
83 7867680 Nov  5 13:54:51 2015
84 7866630 Nov  5 13:54:52 2015
85 7862660 Nov  5 13:54:53 2015
86 7884390.5 Nov  5 13:54:54 2015
87 7968830 Nov  5 13:54:55 2015
88 7867940 Nov  5 13:54:56 2015
89 7865930 Nov  5 13:54:57 2015
90 7861550.5 Nov  5 13:54:58 2015
91 7871180.5 Nov  5 13:54:59 2015
92 7871670 Nov  5 13:55:00 2015
93 7857960 Nov  5 13:55:01 2015
94 7864520.5 Nov  5 13:55:02 2015
95 7863000 Nov  5 13:55:03 2015
96 7872810.5 Nov  5 13:55:04 2015
97 7869030 Nov  5 13:55:05 2015
98 7870060.5 Nov  5 13:55:06 2015
99 7877070.5 Nov  5 13:55:07 2015
100 7875020.5 Nov  5 13:55:08 2015
101 7868470 Nov  5 13:55:09 2015
102 7867750 Nov  5 13:55:10 2015
103 7856080.5 Nov  5 13:55:11 2015
104 7867020 Nov  5 13:55:12 2015
105 7857040.5 Nov  5 13:55:12 2015
106 7859450.5 Nov  5 13:55:14 2015
107 7861810 Nov  5 13:55:14 2015
108 7869210 Nov  5 13:55:15 2015
109 7867060 Nov  5 13:55:16 2015
110 7863890 Nov  5 13:55:17 2015
111 7874410.5 Nov  5 13:55:18 2015
112 7862100 Nov  5 13:55:19 2015
113 7857040.5 Nov  5 13:55:20 2015
114 7859610 Nov  5 13:55:21 2015
115 7871440.5 Nov  5 13:55:22 2015
116 25527502 Nov  5 13:55:23 2015
117 40358804 Nov  5 13:55:24 2015
118 40341508 Nov  5 13:55:25 2015
119 40347604 Nov  5 13:55:26 2015
120 40398304 Nov  5 13:55:27 2015
121 40402800 Nov  5 13:55:28 2015
122 40400600 Nov  5 13:55:29 2015
123 40411400 Nov  5 13:55:30 2015
124 40393300 Nov  5 13:55:31 2015
125 40370304 Nov  5 13:55:32 2015
126 40324500 Nov  5 13:55:33 2015
127 40350904 Nov  5 13:55:34 2015
128 40298996 Nov  5 13:55:35 2015
129 40338200 Nov  5 13:55:36 2015
130 40386700 Nov  5 13:55:37 2015
131 40408700 Nov  5 13:55:38 2015
132 40432696 Nov  5 13:55:39 2015
133 40427900 Nov  5 13:55:40 2015
134 40434500 Nov  5 13:55:41 2015
135 40406000 Nov  5 13:55:42 2015
136 40419096 Nov  5 13:55:43 2015
137 40416196 Nov  5 13:55:44 2015
138 40393800 Nov  5 13:55:45 2015
139 40396400 Nov  5 13:55:46 2015
140 40386200 Nov  5 13:55:47 2015
141 40410700 Nov  5 13:55:48 2015
142 40398000 Nov  5 13:55:49 2015
143 40421900 Nov  5 13:55:49 2015
144 40411500 Nov  5 13:55:50 2015
145 40407000 Nov  5 13:55:51 2015
146 40413500 Nov  5 13:55:52 2015
147 40426796 Nov  5 13:55:53 2015
148 40385704 Nov  5 13:55:54 2015
149 40409296 Nov  5 13:55:55 2015
150 40377504 Nov  5 13:55:56 2015
151 40404300 Nov  5 13:55:57 2015
152 40419496 Nov  5 13:55:58 2015
153 40379100 Nov  5 13:55:59 2015
154 40304104 Nov  5 13:56:00 2015
155 40305404 Nov  5 13:56:01 2015
156 40375204 Nov  5 13:56:02 2015
157 40342504 Nov  5 13:56:03 2015
158 40297500 Nov  5 13:56:04 2015
159 39673800 Nov  5 13:56:05 2015
160 7866230 Nov  5 13:56:06 2015
161 7855620.5 Nov  5 13:56:07 2015
162 7850980.5 Nov  5 13:56:08 2015
163 7860730 Nov  5 13:56:09 2015
164 7862970 Nov  5 13:56:10 2015
165 7850320.5 Nov  5 13:56:11 2015
166 7864060.5 Nov  5 13:56:12 2015
167 7860340 Nov  5 13:56:13 2015
168 7866320 Nov  5 13:56:14 2015
169 7857640.5 Nov  5 13:56:15 2015
170 7864940 Nov  5 13:56:16 2015
171 7864700.5 Nov  5 13:56:17 2015
172 7851780.5 Nov  5 13:56:18 2015
173 7857150.5 Nov  5 13:56:19 2015
174 7860690 Nov  5 13:56:20 2015
175 7851850.5 Nov  5 13:56:21 2015
176 7856890.5 Nov  5 13:56:22 2015
177 7860230 Nov  5 13:56:23 2015
178 7853460.5 Nov  5 13:56:24 2015
179 7858400.5 Nov  5 13:56:25 2015
180 7861320 Nov  5 13:56:26 2015
181 7856180.5 Nov  5 13:56:26 2015
182 7851460.5 Nov  5 13:56:28 2015
183 7856980.5 Nov  5 13:56:28 2015
184 7854960.5 Nov  5 13:56:29 2015
185 7858030.5 Nov  5 13:56:30 2015
186 7870570.5 Nov  5 13:56:31 2015
187 7863560 Nov  5 13:56:32 2015
188 7861150.5 Nov  5 13:56:33 2015
189 7860260 Nov  5 13:56:34 2015
190 7860340 Nov  5 13:56:35 2015
191 7865390.5 Nov  5 13:56:36 2015
192 7855800.5 Nov  5 13:56:37 2015
193 7851490.5 Nov  5 13:56:38 2015
194 7845940 Nov  5 13:56:39 2015
195 7858130.5 Nov  5 13:56:40 2015
196 15135900 Nov  5 13:56:41 2015
197 15573400 Nov  5 13:56:42 2015
198 15595299 Nov  5 13:56:43 2015
199 15614300 Nov  5 13:56:44 2015
200 15597999 Nov  5 13:56:45 2015
201 15611200 Nov  5 13:56:46 2015
202 15602000 Nov  5 13:56:47 2015
203 15619200 Nov  5 13:56:48 2015
204 15608900 Nov  5 13:56:49 2015
205 15599200 Nov  5 13:56:50 2015
206 15604599 Nov  5 13:56:51 2015
207 15619000 Nov  5 13:56:52 2015
208 15619800 Nov  5 13:56:53 2015
209 15605899 Nov  5 13:56:54 2015
210 15612600 Nov  5 13:56:55 2015
211 15617400 Nov  5 13:56:56 2015
212 15617200 Nov  5 13:56:57 2015
213 15611800 Nov  5 13:56:58 2015
214 15594299 Nov  5 13:56:59 2015
215 15672499 Nov  5 13:57:00 2015
216 15773600 Nov  5 13:57:01 2015
217 15589499 Nov  5 13:57:02 2015
218 15598699 Nov  5 13:57:02 2015
219 15602000 Nov  5 13:57:04 2015
220 15596498 Nov  5 13:57:04 2015
221 15591199 Nov  5 13:57:05 2015
222 15591999 Nov  5 13:57:06 2015
223 15602000 Nov  5 13:57:07 2015
224 15596799 Nov  5 13:57:08 2015
225 15583600 Nov  5 13:57:09 2015
226 15586200 Nov  5 13:57:10 2015
227 15602000 Nov  5 13:57:11 2015
228 15601300 Nov  5 13:57:12 2015
229 15593599 Nov  5 13:57:13 2015
230 15598199 Nov  5 13:57:14 2015
231 15605999 Nov  5 13:57:15 2015
232 15608499 Nov  5 13:57:16 2015
233 15600499 Nov  5 13:57:17 2015
234 15592499 Nov  5 13:57:18 2015
235 15588700 Nov  5 13:57:20 2015
236 15596699 Nov  5 13:57:22 2015
237 15580800 Nov  5 13:57:23 2015
238 15592899 Nov  5 13:57:23 2015
239 15608599 Nov  5 13:57:24 2015
240 15600400 Nov  5 13:57:24 2015
241 15262101 Nov  5 13:57:25 2015
242 15262101 Nov  5 13:57:26 2015
243 7859400.5 Nov  5 13:57:27 2015
244 7859260 Nov  5 13:57:28 2015
245 7861700 Nov  5 13:57:29 2015
246 7852000 Nov  5 13:57:30 2015
247 7858520.5 Nov  5 13:57:31 2015
248 7859450.5 Nov  5 13:57:32 2015
249 7866860.5 Nov  5 13:57:33 2015
250 7857750.5 Nov  5 13:57:34 2015
251 7857510.5 Nov  5 13:57:35 2015
252 7859450.5 Nov  5 13:57:36 2015
253 7855130.5 Nov  5 13:57:37 2015
254 7856620.5 Nov  5 13:57:38 2015
255 7842480 Nov  5 13:57:39 2015
256 7861110 Nov  5 13:57:40 2015
257 7847540.5 Nov  5 13:57:40 2015
258 7842600 Nov  5 13:57:42 2015
259 7853600 Nov  5 13:57:42 2015
260 7856860.5 Nov  5 13:57:43 2015
261 7855191 Nov  5 13:57:44 2015
262 7850030.5 Nov  5 13:57:45 2015
263 7854250.5 Nov  5 13:57:46 2015
264 7860380 Nov  5 13:57:47 2015
265 7850440.5 Nov  5 13:57:48 2015
266 7850820.5 Nov  5 13:57:49 2015
267 7860560.5 Nov  5 13:57:50 2015
268 7862940 Nov  5 13:57:51 2015
269 7852900 Nov  5 13:57:52 2015
270 7863350 Nov  5 13:57:53 2015
271 7859450.5 Nov  5 13:57:54 2015
272 7862370 Nov  5 13:57:55 2015
273 7849470 Nov  5 13:57:56 2015
274 7848890.5 Nov  5 13:57:57 2015
275 7858510.5 Nov  5 13:57:58 2015
276 7855040.5 Nov  5 13:57:59 2015
277 7851040.5 Nov  5 13:58:00 2015
278 7848670 Nov  5 13:58:01 2015
279 7910400.5 Nov  5 13:58:02 2015
280 7861840 Nov  5 13:58:03 2015
281 7855530.5 Nov  5 13:58:04 2015
282 7844440.5 Nov  5 13:58:05 2015
283 7846740 Nov  5 13:58:06 2015
284 7855900.5 Nov  5 13:58:07 2015
285 7850080.5 Nov  5 13:58:08 2015
286 7847950 Nov  5 13:58:09 2015
287 7171800 Nov  5 13:58:10 2015
288 3984820 Nov  5 13:58:11 2015
289 3981089.75 Nov  5 13:58:12 2015
290 3979090 Nov  5 13:58:13 2015
291 3980940 Nov  5 13:58:14 2015
292 3985550.25 Nov  5 13:58:15 2015
293 3980030 Nov  5 13:58:15 2015
294 3980140 Nov  5 13:58:17 2015
295 3985510 Nov  5 13:58:17 2015
296 3989060.25 Nov  5 13:58:18 2015
297 3984560 Nov  5 13:58:19 2015
298 3985300 Nov  5 13:58:20 2015
299 3985400.25 Nov  5 13:58:21 2015
300 3996880 Nov  5 13:58:22 2015
301 3988570 Nov  5 13:58:23 2015
302 3986490 Nov  5 13:58:24 2015
303 3983250.25 Nov  5 13:58:25 2015
304 3998589.75 Nov  5 13:58:26 2015
305 3986520 Nov  5 13:58:27 2015
306 3986470.25 Nov  5 13:58:28 2015
307 3981589.75 Nov  5 13:58:29 2015
308 3985400.25 Nov  5 13:58:30 2015
309 3985810 Nov  5 13:58:31 2015
310 3987330 Nov  5 13:58:32 2015
311 3984870 Nov  5 13:58:33 2015
312 3984789.75 Nov  5 13:58:34 2015
313 7687010 Nov  5 13:58:35 2015
314 7868230 Nov  5 13:58:36 2015
315 7856320.5 Nov  5 13:58:37 2015
316 7861770 Nov  5 13:58:38 2015
317 7849830 Nov  5 13:58:39 2015
318 7855270.5 Nov  5 13:58:41 2015
319 7848200 Nov  5 13:58:41 2015
320 7855500.5 Nov  5 13:58:42 2015
321 7853010 Nov  5 13:58:43 2015
322 7859460.5 Nov  5 13:58:44 2015
323 7857580.5 Nov  5 13:58:45 2015
324 7861070 Nov  5 13:58:46 2015
325 7857360.5 Nov  5 13:58:47 2015
326 7856320.5 Nov  5 13:58:48 2015
327 7856150.5 Nov  5 13:58:49 2015
328 7863219.5 Nov  5 13:58:50 2015
329 7860750 Nov  5 13:58:51 2015
330 7854511 Nov  5 13:58:52 2015
331 7856690.5 Nov  5 13:58:52 2015
332 7859740.5 Nov  5 13:58:54 2015
333 7858830.5 Nov  5 13:58:54 2015
334 7860790.5 Nov  5 13:58:55 2015
335 7856680.5 Nov  5 13:58:57 2015
336 7865790.5 Nov  5 13:58:58 2015
337 7858640 Nov  5 13:58:59 2015
338 7850890.5 Nov  5 13:58:59 2015
339 7852110.5 Nov  5 13:59:00 2015
340 7854800.5 Nov  5 13:59:01 2015
341 7850550.5 Nov  5 13:59:02 2015
342 7846560.5 Nov  5 13:59:03 2015
343 7964700 Nov  5 13:59:04 2015
344 7851650 Nov  5 13:59:05 2015
345 7848000 Nov  5 13:59:06 2015
346 7848490 Nov  5 13:59:10 2015
347 7847620 Nov  5 13:59:12 2015
348 7857300.5 Nov  5 13:59:13 2015
349 7853880.5 Nov  5 13:59:14 2015
350 7864160.5 Nov  5 13:59:14 2015
351 7857750.5 Nov  5 13:59:15 2015
352 7884850.5 Nov  5 13:59:16 2015
353 7860000 Nov  5 13:59:16 2015
354 7851810.5 Nov  5 13:59:17 2015
355 7869950 Nov  5 13:59:17 2015
356 7866570.5 Nov  5 13:59:18 2015
357 7849450 Nov  5 13:59:18 2015
358 7858540.5 Nov  5 13:59:19 2015
359 7859980 Nov  5 13:59:20 2015
360 7860870.5 Nov  5 13:59:21 2015
361 7861840 Nov  5 13:59:22 2015
362 7860300 Nov  5 13:59:23 2015
363 7858020.5 Nov  5 13:59:24 2015
364 7861530.5 Nov  5 13:59:25 2015
365 7862690 Nov  5 13:59:26 2015
366 7854360.5 Nov  5 13:59:27 2015
367 7859850.5 Nov  5 13:59:28 2015
368 7865600 Nov  5 13:59:29 2015
369 7852090.5 Nov  5 13:59:30 2015
370 7856700.5 Nov  5 13:59:30 2015
371 7858080.5 Nov  5 13:59:32 2015
372 7865020.5 Nov  5 13:59:32 2015
373 7863170 Nov  5 13:59:33 2015
374 7860500.5 Nov  5 13:59:34 2015
375 7858160.5 Nov  5 13:59:35 2015
376 7855850.5 Nov  5 13:59:36 2015
377 7859740.5 Nov  5 13:59:37 2015
378 7875030.5 Nov  5 13:59:38 2015
379 7849650 Nov  5 13:59:39 2015
380 7865770.5 Nov  5 13:59:40 2015
381 7859930 Nov  5 13:59:41 2015
382 7859070.5 Nov  5 13:59:42 2015
383 7864630 Nov  5 13:59:43 2015
384 7870010.5 Nov  5 13:59:44 2015
385 7866660 Nov  5 13:59:45 2015
386 7862070 Nov  5 13:59:46 2015
387 7859440.5 Nov  5 13:59:47 2015
388 7865410.5 Nov  5 13:59:48 2015
389 7863610 Nov  5 13:59:49 2015
390 7861930 Nov  5 13:59:50 2015
391 7862880 Nov  5 13:59:51 2015
392 7862530 Nov  5 13:59:52 2015
393 7858500.5 Nov  5 13:59:53 2015
394 7858800.5 Nov  5 13:59:54 2015
395 7860100.5 Nov  5 13:59:55 2015
396 7869340 Nov  5 13:59:56 2015
397 7862230 Nov  5 13:59:57 2015
398 7858230 Nov  5 13:59:58 2015
399 7852860.5 Nov  5 13:59:59 2015
400 7855760.5 Nov  5 14:00:00 2015
401 7853110.5 Nov  5 14:00:01 2015
402 7856280.5 Nov  5 14:00:02 2015
403 7853540.5 Nov  5 14:00:03 2015
404 7850640.5 Nov  5 14:00:04 2015
405 7856620.5 Nov  5 14:00:05 2015
406 7855350.5 Nov  5 14:00:05 2015
407 7858780.5 Nov  5 14:00:07 2015
408 7866040 Nov  5 14:00:09 2015
409 7866470.5 Nov  5 14:00:09 2015
410 7856410.5 Nov  5 14:00:10 2015
411 7860060 Nov  5 14:00:10 2015
412 7864440.5 Nov  5 14:00:11 2015
413 7865930 Nov  5 14:00:12 2015
414 7861810 Nov  5 14:00:13 2015
415 7858030.5 Nov  5 14:00:14 2015
416 7861160.5 Nov  5 14:00:15 2015
417 7858950 Nov  5 14:00:16 2015
418 7856980.5 Nov  5 14:00:17 2015
419 7852430.5 Nov  5 14:00:18 2015
420 7853650 Nov  5 14:00:19 2015
421 7856430.5 Nov  5 14:00:20 2015
422 7843209.5 Nov  5 14:00:21 2015
423 7848170.5 Nov  5 14:00:22 2015
424 7850420.5 Nov  5 14:00:23 2015
425 7848750 Nov  5 14:00:24 2015
426 7843690 Nov  5 14:00:25 2015
427 7849740 Nov  5 14:00:26 2015
428 7856300.5 Nov  5 14:00:27 2015
429 7855880.5 Nov  5 14:00:28 2015
430 7840200 Nov  5 14:00:29 2015
431 7850130.5 Nov  5 14:00:30 2015
432 7854210.5 Nov  5 14:00:31 2015
433 7880410 Nov  5 14:00:32 2015
434 7856330.5 Nov  5 14:00:33 2015
435 7865770.5 Nov  5 14:00:34 2015
436 7879460.5 Nov  5 14:00:35 2015
437 7877090.5 Nov  5 14:00:36 2015
438 7880010 Nov  5 14:00:37 2015
439 7874571 Nov  5 14:00:38 2015
440 7874881 Nov  5 14:00:39 2015
441 7881370 Nov  5 14:00:40 2015
442 7883610 Nov  5 14:00:41 2015
443 7872360 Nov  5 14:00:42 2015
444 7877010.5 Nov  5 14:00:43 2015
445 7883929.5 Nov  5 14:00:43 2015
446 7889350 Nov  5 14:00:44 2015
447 7883180 Nov  5 14:00:45 2015
448 7877870.5 Nov  5 14:00:46 2015
449 7881730 Nov  5 14:00:47 2015
450 7896050.5 Nov  5 14:00:48 2015
451 7885100.5 Nov  5 14:00:49 2015
452 7888490 Nov  5 14:00:50 2015
453 7893510.5 Nov  5 14:00:51 2015
454 7933070 Nov  5 14:00:52 2015
455 7913860.5 Nov  5 14:00:53 2015
456 7898780.5 Nov  5 14:00:54 2015
457 7880060 Nov  5 14:00:55 2015
458 7892220 Nov  5 14:00:56 2015
459 7900460 Nov  5 14:00:57 2015
460 7924070.5 Nov  5 14:00:58 2015
461 8024580 Nov  5 14:00:59 2015
462 8190221 Nov  5 14:01:00 2015
463 8268221 Nov  5 14:01:01 2015
464 8396540 Nov  5 14:01:02 2015
465 10199400 Nov  5 14:01:03 2015
466 12214700 Nov  5 14:01:04 2015
467 11841201 Nov  5 14:01:05 2015
468 12430100 Nov  5 14:01:06 2015
469 16010101 Nov  5 14:01:07 2015
470 18967800 Nov  5 14:01:08 2015
471 21244600 Nov  5 14:01:09 2015
472 21783298 Nov  5 14:01:10 2015
473 22443800 Nov  5 14:01:11 2015
474 22405100 Nov  5 14:01:12 2015
475 22293300 Nov  5 14:01:13 2015
476 22334002 Nov  5 14:01:14 2015
477 22367502 Nov  5 14:01:15 2015
478 22441098 Nov  5 14:01:16 2015
479 22686600 Nov  5 14:01:17 2015
480 22605300 Nov  5 14:01:18 2015
481 22702500 Nov  5 14:01:19 2015
482 22955000 Nov  5 14:01:19 2015
483 23056900 Nov  5 14:01:21 2015
484 23013198 Nov  5 14:01:21 2015
485 23055500 Nov  5 14:01:22 2015
486 22960300 Nov  5 14:01:23 2015
487 22911398 Nov  5 14:01:24 2015
488 22971898 Nov  5 14:01:25 2015
489 22987198 Nov  5 14:01:26 2015
490 22867600 Nov  5 14:01:27 2015
491 22791200 Nov  5 14:01:28 2015
492 22721700 Nov  5 14:01:29 2015
493 22854002 Nov  5 14:01:30 2015
494 22775500 Nov  5 14:01:31 2015
495 22877800 Nov  5 14:01:32 2015
496 22984400 Nov  5 14:01:33 2015
497 22994302 Nov  5 14:01:34 2015
498 23010600 Nov  5 14:01:35 2015
499 23036802 Nov  5 14:01:36 2015
500 23010600 Nov  5 14:01:37 2015
501 23049200 Nov  5 14:01:38 2015
502 23040400 Nov  5 14:01:39 2015
503 22922502 Nov  5 14:01:40 2015
504 22540898 Nov  5 14:01:41 2015
505 21374400 Nov  5 14:01:42 2015
506 20190200 Nov  5 14:01:43 2015
507 17711202 Nov  5 14:01:44 2015
508 12328100 Nov  5 14:01:45 2015
509 9781981 Nov  5 14:01:46 2015
510 8882080 Nov  5 14:01:47 2015
511 8356669.5 Nov  5 14:01:48 2015
512 8104130 Nov  5 14:01:49 2015
513 7897790.5 Nov  5 14:01:50 2015
514 7874250.5 Nov  5 14:01:51 2015
515 7879660 Nov  5 14:01:52 2015
516 7879070.5 Nov  5 14:01:53 2015
517 7879620 Nov  5 14:01:54 2015
518 7888830 Nov  5 14:01:55 2015
519 7891650 Nov  5 14:01:56 2015
520 7883390 Nov  5 14:01:57 2015
521 7885290 Nov  5 14:01:57 2015
522 7891930 Nov  5 14:01:58 2015
523 7890030.5 Nov  5 14:01:59 2015
524 7884240 Nov  5 14:02:00 2015
525 7872530.5 Nov  5 14:02:01 2015
526 7877090.5 Nov  5 14:02:02 2015
527 7878800.5 Nov  5 14:02:03 2015
528 7873590.5 Nov  5 14:02:04 2015
529 7861440 Nov  5 14:02:05 2015
530 7871750.5 Nov  5 14:02:06 2015
531 7864950 Nov  5 14:02:07 2015
532 7864930 Nov  5 14:02:08 2015
533 7860720 Nov  5 14:02:09 2015
534 7861740 Nov  5 14:02:10 2015
535 7862410 Nov  5 14:02:11 2015
536 7872790.5 Nov  5 14:02:12 2015
537 7855571 Nov  5 14:02:13 2015
538 7869710 Nov  5 14:02:14 2015
539 7872570.5 Nov  5 14:02:15 2015
540 7868530.5 Nov  5 14:02:16 2015
541 7870950 Nov  5 14:02:17 2015
542 7888860 Nov  5 14:02:18 2015
543 7882560.5 Nov  5 14:02:19 2015
544 7880990 Nov  5 14:02:20 2015
545 7883070 Nov  5 14:02:21 2015
546 7862530 Nov  5 14:02:22 2015
547 7865610 Nov  5 14:02:23 2015
548 7866570.5 Nov  5 14:02:24 2015
549 7863760 Nov  5 14:02:25 2015
550 7868530.5 Nov  5 14:02:26 2015
551 7871260 Nov  5 14:02:27 2015
552 7865890.5 Nov  5 14:02:28 2015
553 7867800 Nov  5 14:02:29 2015
554 7870300.5 Nov  5 14:02:30 2015
555 7870500.5 Nov  5 14:02:31 2015
556 7862850 Nov  5 14:02:32 2015
557 7859910 Nov  5 14:02:33 2015
558 7867500.5 Nov  5 14:02:34 2015
559 7861940 Nov  5 14:02:34 2015
560 7858010.5 Nov  5 14:02:35 2015
561 7863950 Nov  5 14:02:37 2015
562 7864720.5 Nov  5 14:02:37 2015
563 7862130 Nov  5 14:02:38 2015
564 7863170 Nov  5 14:02:39 2015
565 7861040 Nov  5 14:02:40 2015
566 7872270 Nov  5 14:02:41 2015
567 7865840.5 Nov  5 14:02:42 2015
568 7866470.5 Nov  5 14:02:43 2015
569 7869700 Nov  5 14:02:44 2015
570 7873960 Nov  5 14:02:45 2015
571 7874450.5 Nov  5 14:02:46 2015
572 7867500.5 Nov  5 14:02:47 2015
573 7866020 Nov  5 14:02:48 2015
574 7871030.5 Nov  5 14:02:49 2015
575 7872440.5 Nov  5 14:02:50 2015
576 7865000 Nov  5 14:02:51 2015
577 7870730.5 Nov  5 14:02:52 2015
578 7873260 Nov  5 14:02:53 2015
579 7870120.5 Nov  5 14:02:54 2015
580 7866440.5 Nov  5 14:02:55 2015
581 7869810 Nov  5 14:02:56 2015
582 7865890.5 Nov  5 14:02:57 2015
583 7870720.5 Nov  5 14:02:58 2015
584 7860320 Nov  5 14:02:59 2015
585 7858170.5 Nov  5 14:03:00 2015
586 7871860.5 Nov  5 14:03:01 2015
587 7866330 Nov  5 14:03:02 2015
588 7866600 Nov  5 14:03:03 2015
589 7867580.5 Nov  5 14:03:04 2015
590 7870350.5 Nov  5 14:03:05 2015
591 7873470.5 Nov  5 14:03:06 2015
592 7865800.5 Nov  5 14:03:07 2015
593 7864420.5 Nov  5 14:03:08 2015
594 7861130 Nov  5 14:03:09 2015
595 7865860.5 Nov  5 14:03:10 2015
596 7861890.5 Nov  5 14:03:11 2015
597 7863040 Nov  5 14:03:11 2015
598 7884410.5 Nov  5 14:03:12 2015
599 7972730 Nov  5 14:03:13 2015
600 7873220 Nov  5 14:03:14 2015
601 7871360.5 Nov  5 14:03:15 2015
602 7874700.5 Nov  5 14:03:16 2015
603 7872260 Nov  5 14:03:17 2015
604 7867340 Nov  5 14:03:18 2015
605 7861930 Nov  5 14:03:19 2015
606 7861770 Nov  5 14:03:20 2015
607 7861570.5 Nov  5 14:03:21 2015
608 7857980.5 Nov  5 14:03:22 2015
609 7868960 Nov  5 14:03:23 2015
610 7876370.5 Nov  5 14:03:24 2015
611 7877090.5 Nov  5 14:03:25 2015
612 7865740.5 Nov  5 14:03:26 2015
613 7869850 Nov  5 14:03:27 2015
614 7876490.5 Nov  5 14:03:28 2015
615 7872180.5 Nov  5 14:03:29 2015
616 7872310 Nov  5 14:03:30 2015
617 7864320.5 Nov  5 14:03:31 2015
618 7871160.5 Nov  5 14:03:32 2015
619 7871860.5 Nov  5 14:03:33 2015
620 7870530.5 Nov  5 14:03:34 2015
621 7872090.5 Nov  5 14:03:35 2015
622 7879380 Nov  5 14:03:36 2015
623 7879810.5 Nov  5 14:03:37 2015
624 7874640.5 Nov  5 14:03:38 2015
625 7871910 Nov  5 14:03:39 2015
626 7877180.5 Nov  5 14:03:40 2015
627 23620500 Nov  5 14:03:41 2015
628 40377504 Nov  5 14:03:42 2015
629 40386300 Nov  5 14:03:43 2015
630 40452600 Nov  5 14:03:44 2015
631 40449100 Nov  5 14:03:45 2015
632 40453400 Nov  5 14:03:46 2015
633 40456100 Nov  5 14:03:47 2015
634 40421800 Nov  5 14:03:47 2015
635 40462300 Nov  5 14:03:49 2015
636 40448304 Nov  5 14:03:49 2015
637 40455504 Nov  5 14:03:50 2015
638 40450000 Nov  5 14:03:51 2015
639 40468604 Nov  5 14:03:52 2015
640 40448204 Nov  5 14:03:53 2015
641 40448604 Nov  5 14:03:54 2015
642 40472496 Nov  5 14:03:55 2015
643 40459600 Nov  5 14:03:56 2015
644 40472196 Nov  5 14:03:57 2015
645 40471500 Nov  5 14:03:58 2015
646 40404800 Nov  5 14:03:59 2015
647 40424600 Nov  5 14:04:00 2015
648 40389000 Nov  5 14:04:01 2015
649 40360504 Nov  5 14:04:02 2015
650 40402700 Nov  5 14:04:03 2015
651 40459300 Nov  5 14:04:04 2015
652 40434700 Nov  5 14:04:05 2015
653 40439696 Nov  5 14:04:06 2015
654 40407200 Nov  5 14:04:07 2015
655 40403000 Nov  5 14:04:08 2015
656 40423296 Nov  5 14:04:09 2015
657 40427700 Nov  5 14:04:10 2015
658 40476200 Nov  5 14:04:11 2015
659 40495500 Nov  5 14:04:12 2015
660 40494500 Nov  5 14:04:13 2015
661 40512200 Nov  5 14:04:14 2015
662 37194000 Nov  5 14:04:15 2015
663 7891730.5 Nov  5 14:04:16 2015
664 7948730 Nov  5 14:04:17 2015
665 7909440 Nov  5 14:04:18 2015
666 7885970 Nov  5 14:04:19 2015
667 7880260 Nov  5 14:04:20 2015
668 7870820.5 Nov  5 14:04:21 2015
669 7874440.5 Nov  5 14:04:22 2015
670 7879120.5 Nov  5 14:04:23 2015
671 7884870.5 Nov  5 14:04:23 2015
672 7883340 Nov  5 14:04:25 2015
673 7874630.5 Nov  5 14:04:25 2015
674 7876940.5 Nov  5 14:04:26 2015
675 7881280 Nov  5 14:04:27 2015
676 7882320 Nov  5 14:04:28 2015
677 7881730 Nov  5 14:04:29 2015
678 7909040 Nov  5 14:04:30 2015
679 7886340 Nov  5 14:04:31 2015
680 7887190.5 Nov  5 14:04:32 2015
681 7880500.5 Nov  5 14:04:33 2015
682 7878340 Nov  5 14:04:34 2015
683 7880540.5 Nov  5 14:04:35 2015
684 7885360 Nov  5 14:04:36 2015
685 7878330 Nov  5 14:04:37 2015
686 7876320.5 Nov  5 14:04:38 2015
687 7882050 Nov  5 14:04:39 2015
688 7883990 Nov  5 14:04:40 2015
689 7884880.5 Nov  5 14:04:41 2015
690 7884610 Nov  5 14:04:42 2015
691 7879600 Nov  5 14:04:43 2015
692 7887760 Nov  5 14:04:44 2015
693 7886810.5 Nov  5 14:04:45 2015
694 7882690 Nov  5 14:04:46 2015
695 7886220 Nov  5 14:04:47 2015
696 7889990 Nov  5 14:04:48 2015
697 7884720.5 Nov  5 14:04:49 2015
698 7890530.5 Nov  5 14:04:50 2015
699 7895870.5 Nov  5 14:04:51 2015
700 7897830.5 Nov  5 14:04:52 2015
701 7889010 Nov  5 14:04:53 2015
702 7887930 Nov  5 14:04:54 2015
703 7894910.5 Nov  5 14:04:55 2015
704 7890160.5 Nov  5 14:04:56 2015
705 7888460 Nov  5 14:04:57 2015
706 7890180.5 Nov  5 14:04:58 2015
707 7891320 Nov  5 14:04:59 2015
708 7887750 Nov  5 14:04:59 2015
709 7880120.5 Nov  5 14:05:01 2015
710 7884880.5 Nov  5 14:05:01 2015
711 7897290 Nov  5 14:05:02 2015
712 7890340.5 Nov  5 14:05:03 2015
713 7882230 Nov  5 14:05:04 2015
714 7881230 Nov  5 14:05:05 2015
715 7892110.5 Nov  5 14:05:06 2015
716 7892980 Nov  5 14:05:07 2015
717 7892840.5 Nov  5 14:05:08 2015
718 7896800.5 Nov  5 14:05:09 2015
719 7907140.5 Nov  5 14:05:10 2015
720 7900270 Nov  5 14:05:11 2015
721 7897480.5 Nov  5 14:05:12 2015
722 7899160.5 Nov  5 14:05:14 2015
723 7895330.5 Nov  5 14:05:15 2015
724 7890960 Nov  5 14:05:15 2015
725 7891620 Nov  5 14:05:16 2015
726 7893040 Nov  5 14:05:17 2015
727 7899250 Nov  5 14:05:18 2015
728 7912530.5 Nov  5 14:05:19 2015
729 7947630 Nov  5 14:05:20 2015
730 7899760 Nov  5 14:05:21 2015
731 7891110.5 Nov  5 14:05:22 2015
732 7887320 Nov  5 14:05:23 2015
733 7896050.5 Nov  5 14:05:24 2015
734 7888340 Nov  5 14:05:25 2015
735 7892460.5 Nov  5 14:05:26 2015
736 7894670.5 Nov  5 14:05:27 2015
737 7901060 Nov  5 14:05:28 2015
738 7898540.5 Nov  5 14:05:29 2015
739 7902590.5 Nov  5 14:05:30 2015
740 7899090.5 Nov  5 14:05:31 2015
741 7895110.5 Nov  5 14:05:32 2015
742 7894210.5 Nov  5 14:05:33 2015
743 7897550.5 Nov  5 14:05:34 2015
744 7889280 Nov  5 14:05:35 2015
745 7892050.5 Nov  5 14:05:36 2015
746 7899970 Nov  5 14:05:37 2015
747 7892710 Nov  5 14:05:37 2015
748 7893270 Nov  5 14:05:39 2015
749 7892570.5 Nov  5 14:05:39 2015
750 7899840.5 Nov  5 14:05:40 2015
751 7899280 Nov  5 14:05:41 2015
752 7896110.5 Nov  5 14:05:42 2015
753 7901140 Nov  5 14:05:43 2015
754 7903550 Nov  5 14:05:44 2015
755 7905620 Nov  5 14:05:45 2015
756 7897450.5 Nov  5 14:05:46 2015
757 7898100.5 Nov  5 14:05:47 2015
758 7899500.5 Nov  5 14:05:48 2015
759 7900980 Nov  5 14:05:49 2015
760 7894900.5 Nov  5 14:05:50 2015
761 7890400.5 Nov  5 14:05:51 2015
762 7897130.5 Nov  5 14:05:52 2015
763 7904510.5 Nov  5 14:05:53 2015
764 7899730 Nov  5 14:05:54 2015
765 7901400 Nov  5 14:05:55 2015
766 7913340 Nov  5 14:05:56 2015
767 7917410.5 Nov  5 14:05:57 2015
768 7913910 Nov  5 14:05:58 2015
769 7897210 Nov  5 14:05:59 2015
770 7906100.5 Nov  5 14:06:00 2015
771 7909520 Nov  5 14:06:01 2015
772 7908490 Nov  5 14:06:02 2015
773 7915110.5 Nov  5 14:06:03 2015
774 7915120.5 Nov  5 14:06:04 2015
775 7918230 Nov  5 14:06:05 2015
776 7918610 Nov  5 14:06:06 2015
777 7919710 Nov  5 14:06:07 2015
778 7914520.5 Nov  5 14:06:08 2015
779 7925290 Nov  5 14:06:09 2015
780 7925110.5 Nov  5 14:06:10 2015
781 7915900 Nov  5 14:06:11 2015
782 7908670 Nov  5 14:06:12 2015
783 7922800 Nov  5 14:06:13 2015
784 7925210 Nov  5 14:06:14 2015
785 7948310 Nov  5 14:06:14 2015
786 7941640 Nov  5 14:06:15 2015
787 7926970 Nov  5 14:06:16 2015
788 7942270 Nov  5 14:06:17 2015
789 8015700.5 Nov  5 14:06:18 2015
790 8002559.5 Nov  5 14:06:19 2015
791 8096160 Nov  5 14:06:20 2015
792 8091990.5 Nov  5 14:06:21 2015
793 8114070 Nov  5 14:06:22 2015
794 8129590 Nov  5 14:06:23 2015
795 8474289 Nov  5 14:06:25 2015
796 8886409 Nov  5 14:06:25 2015
797 10574399 Nov  5 14:06:26 2015
798 13080300 Nov  5 14:06:27 2015
799 19832900 Nov  5 14:06:28 2015
800 22408700 Nov  5 14:06:29 2015
801 22110998 Nov  5 14:06:30 2015
802 21775498 Nov  5 14:06:31 2015
803 21670498 Nov  5 14:06:32 2015
804 20836100 Nov  5 14:06:33 2015
805 21773498 Nov  5 14:06:34 2015
806 22669200 Nov  5 14:06:35 2015
807 22646602 Nov  5 14:06:36 2015
808 22602000 Nov  5 14:06:37 2015
809 22461400 Nov  5 14:06:38 2015
810 22303600 Nov  5 14:06:39 2015
811 22526702 Nov  5 14:06:40 2015
812 22447400 Nov  5 14:06:41 2015
813 22585098 Nov  5 14:06:42 2015
814 22426102 Nov  5 14:06:43 2015
815 22176002 Nov  5 14:06:44 2015
816 22262900 Nov  5 14:06:45 2015
817 22683298 Nov  5 14:06:46 2015
818 22659402 Nov  5 14:06:47 2015
819 22624502 Nov  5 14:06:48 2015
820 22202100 Nov  5 14:06:49 2015
821 22209200 Nov  5 14:06:50 2015
822 22097102 Nov  5 14:06:51 2015
823 22510600 Nov  5 14:06:51 2015
824 22374602 Nov  5 14:06:52 2015
825 22516400 Nov  5 14:06:53 2015
826 22220402 Nov  5 14:06:54 2015
827 21972998 Nov  5 14:06:55 2015
828 22274602 Nov  5 14:06:56 2015
829 22346900 Nov  5 14:06:57 2015
830 21918998 Nov  5 14:06:58 2015
831 21857998 Nov  5 14:06:59 2015
832 21372200 Nov  5 14:07:00 2015
833 20986700 Nov  5 14:07:01 2015
834 21347600 Nov  5 14:07:02 2015
835 22080100 Nov  5 14:07:03 2015
836 21711298 Nov  5 14:07:04 2015
837 21590998 Nov  5 14:07:05 2015
838 21608798 Nov  5 14:07:06 2015
839 21588998 Nov  5 14:07:07 2015
840 21015498 Nov  5 14:07:08 2015
841 21490100 Nov  5 14:07:09 2015
842 20824802 Nov  5 14:07:10 2015
843 19550000 Nov  5 14:07:11 2015
844 15772401 Nov  5 14:07:12 2015
845 12130800 Nov  5 14:07:13 2015
846 9613461 Nov  5 14:07:14 2015
847 8427449 Nov  5 14:07:15 2015
848 8284408.5 Nov  5 14:07:16 2015
849 8128410.5 Nov  5 14:07:17 2015
850 7940910 Nov  5 14:07:18 2015
851 7949660 Nov  5 14:07:19 2015
852 7912890.5 Nov  5 14:07:20 2015
853 7911760.5 Nov  5 14:07:21 2015
854 7922840 Nov  5 14:07:22 2015
855 7916150.5 Nov  5 14:07:23 2015
856 7925720 Nov  5 14:07:24 2015
857 7917080.5 Nov  5 14:07:25 2015
858 7907770 Nov  5 14:07:26 2015
859 7919960 Nov  5 14:07:26 2015
860 7915310.5 Nov  5 14:07:28 2015
861 7912580.5 Nov  5 14:07:28 2015
862 7902220 Nov  5 14:07:29 2015
863 7908740 Nov  5 14:07:30 2015
864 7906080 Nov  5 14:07:31 2015
865 7895620.5 Nov  5 14:07:32 2015
866 7889920 Nov  5 14:07:33 2015
867 7894270.5 Nov  5 14:07:34 2015
868 7899450.5 Nov  5 14:07:35 2015
869 7892380 Nov  5 14:07:36 2015
870 7895710.5 Nov  5 14:07:37 2015
871 7887900 Nov  5 14:07:38 2015
872 7894400.5 Nov  5 14:07:39 2015
873 7900500.5 Nov  5 14:07:40 2015
874 7900880.5 Nov  5 14:07:41 2015
875 7900810 Nov  5 14:07:42 2015
876 7903110 Nov  5 14:07:43 2015
877 7896320.5 Nov  5 14:07:44 2015
878 7896740.5 Nov  5 14:07:45 2015
879 7897300 Nov  5 14:07:46 2015
880 7899270 Nov  5 14:07:47 2015
881 7894720.5 Nov  5 14:07:48 2015
882 7893750 Nov  5 14:07:49 2015
883 7897580.5 Nov  5 14:07:50 2015
884 7904820.5 Nov  5 14:07:51 2015
885 7897030.5 Nov  5 14:07:52 2015
886 7900670 Nov  5 14:07:53 2015
887 7900670 Nov  5 14:07:54 2015
888 7902220 Nov  5 14:07:55 2015
889 7892900 Nov  5 14:07:56 2015
890 7895490.5 Nov  5 14:07:57 2015
891 7899210 Nov  5 14:07:58 2015
892 7897620 Nov  5 14:07:59 2015
893 7894310.5 Nov  5 14:08:00 2015
894 7891770.5 Nov  5 14:08:01 2015
895 7893120.5 Nov  5 14:08:02 2015
896 7902970 Nov  5 14:08:03 2015
897 7891370.5 Nov  5 14:08:03 2015
898 7885590.5 Nov  5 14:08:05 2015
899 7891910 Nov  5 14:08:05 2015
900 7899500.5 Nov  5 14:08:06 2015