Spectra obtained from the iBOB Roof spectometer + 3.8 m antenna
rspec_get_spec		Data acquisition program
104.000    		Total bandwidth = FPGA sample rate (MHz)
12.695     		Channel bandwidth in raw spectrum (kHz)
8192      		FFT length (number of channels)
10.000000  		Integration time per spectrum (sec)
260.000   		iBOB downconvert frequency (MHz)
1420.000  		Center Frequency = sum of local oscillator frequencies (MHz) 
9.991     		Output bandwidth (MHz)
787       		Number of output channels
-4.98926  		Frequency of first output sample (MHz)
4.98926   		Frequency of last output sample (MHz)
Spectrum: 0 MJD: 57349.815 LST: 183730 RA(radians): 4.83252589 DEC(radians): -0.183458346 RA(hhmmss): 18 27 31 DEC(ddmmss): -10 30 41 l(deg): 20 b(deg): 0 LocalDate: 15 11 23 LocalTime: 14 33 38 UTCDate: 15 11 23 UTC: 19 33 38
0 9567875.459459 1415.010742
1 9511319.351351 1415.023438
2 9553548.108108 1415.036133
3 9453676.972973 1415.048828
4 9471385.945946 1415.061523
5 9511804.540541 1415.074219
6 9480001.729730 1415.086914
7 9735462.918919 1415.099609
8 9492275.027027 1415.112305
9 9458777.081081 1415.125000
10 9498611.891892 1415.137695
11 9470643.027027 1415.150391
12 9526317.837838 1415.163086
13 9456857.081081 1415.175781
14 9509049.945946 1415.188477
15 9507564.972973 1415.201172
16 9540301.837838 1415.213867
17 9555156.756757 1415.226562
18 9542349.837838 1415.239258
19 9539074.594595 1415.251953
20 9581803.243243 1415.264648
21 9511687.783784 1415.277344
22 9608153.945946 1415.290039
23 9545792.864865 1415.302734
24 9732470.486486 1415.315430
25 9620428.972973 1415.328125
26 9583840.864865 1415.340820
27 9564859.675676 1415.353516
28 9624888.216216 1415.366211
29 9580604.540541 1415.378906
30 9616473.945946 1415.391602
31 9610402.594595 1415.404297
32 9593989.189189 1415.416992
33 9636958.270270 1415.429688
34 9629592.216216 1415.442383
35 9734499.459459 1415.455078
36 9665727.135135 1415.467773
37 9670835.027027 1415.480469
38 9689440.000000 1415.493164
39 9663259.675676 1415.505859
40 9729997.837838 1415.518555
41 9660241.297297 1415.531250
42 9632793.081081 1415.543945
43 9689747.027027 1415.556641
44 9651069.405405 1415.569336
45 9733276.540541 1415.582031
46 9691450.810811 1415.594727
47 9693262.702703 1415.607422
48 9859583.135135 1415.620117
49 9981136.432432 1415.632812
50 9765675.243243 1415.645508
51 9728684.972973 1415.658203
52 9722426.810811 1415.670898
53 9755006.270270 1415.683594
54 9771317.621622 1415.696289
55 9710829.837838 1415.708984
56 9792179.891892 1415.721680
57 9730948.324324 1415.734375
58 9727565.837838 1415.747070
59 9754575.567568 1415.759766
60 9811812.324324 1415.772461
61 9855472.432432 1415.785156
62 9816515.459459 1415.797852
63 9862397.405405 1415.810547
64 9785354.378378 1415.823242
65 9823515.675676 1415.835938
66 9839635.891892 1415.848633
67 9800906.378378 1415.861328
68 9884271.567568 1415.874023
69 9793937.297297 1415.886719
70 9820460.972973 1415.899414
71 9839361.729730 1415.912109
72 9867347.027027 1415.924805
73 9945321.513514 1415.937500
74 9860380.540541 1415.950195
75 9861838.702703 1415.962891
76 9831987.891892 1415.975586
77 9854054.054054 1415.988281
78 9920808.648649 1416.000977
79 9937243.675676 1416.013672
80 9950255.567568 1416.026367
81 9880710.054054 1416.039062
82 9858659.459459 1416.051758
83 9963133.405405 1416.064453
84 9952275.891892 1416.077148
85 9872729.945946 1416.089844
86 9951115.243243 1416.102539
87 9962615.351351 1416.115234
88 9977292.108108 1416.127930
89 9935303.783784 1416.140625
90 9923055.567568 1416.153320
91 9916501.621622 1416.166016
92 9927564.972973 1416.178711
93 9909402.810811 1416.191406
94 9967244.108108 1416.204102
95 9943654.918919 1416.216797
96 9970611.891892 1416.229492
97 9969995.243243 1416.242188
98 9953980.540541 1416.254883
99 9993694.270270 1416.267578
100 9951657.513514 1416.280273
101 9967372.108108 1416.292969
102 9973762.594595 1416.305664
103 9985985.729730 1416.318359
104 10034602.378378 1416.331055
105 9970504.648649 1416.343750
106 9979112.648649 1416.356445
107 9960095.135135 1416.369141
108 10039699.891892 1416.381836
109 9973375.135135 1416.394531
110 9976979.027027 1416.407227
111 9975606.486486 1416.419922
112 10007658.378378 1416.432617
113 10055163.675676 1416.445312
114 10079104.864865 1416.458008
115 10044750.702703 1416.470703
116 10052812.972973 1416.483398
117 9998368.864865 1416.496094
118 10026615.351351 1416.508789
119 10001817.081081 1416.521484
120 9996153.081081 1416.534180
121 10103868.540541 1416.546875
122 10026688.864865 1416.559570
123 10027652.324324 1416.572266
124 10041476.324324 1416.584961
125 10016422.054054 1416.597656
126 10085536.864865 1416.610352
127 10022149.189189 1416.623047
128 10104137.513514 1416.635742
129 10094285.837838 1416.648438
130 10105875.891892 1416.661133
131 10066628.324324 1416.673828
132 10065567.135135 1416.686523
133 10046232.216216 1416.699219
134 10081926.054054 1416.711914
135 10059024.432432 1416.724609
136 10013627.675676 1416.737305
137 10092120.216216 1416.750000
138 10081048.216216 1416.762695
139 10025192.648649 1416.775391
140 10035712.864865 1416.788086
141 10044595.891892 1416.800781
142 10068447.135135 1416.813477
143 10084962.594595 1416.826172
144 10147288.216216 1416.838867
145 10186180.324324 1416.851562
146 10148987.675676 1416.864258
147 10121507.459459 1416.876953
148 10042169.945946 1416.889648
149 10074585.945946 1416.902344
150 10117971.891892 1416.915039
151 10085623.351351 1416.927734
152 10084090.810811 1416.940430
153 10122188.972973 1416.953125
154 10080972.972973 1416.965820
155 10074406.054054 1416.978516
156 10078105.081081 1416.991211
157 10081995.243243 1417.003906
158 10071173.189189 1417.016602
159 10063189.621622 1417.029297
160 10113041.297297 1417.041992
161 10102763.243243 1417.054688
162 10053624.216216 1417.067383
163 10087941.189189 1417.080078
164 10092537.945946 1417.092773
165 10169690.810811 1417.105469
166 10099430.054054 1417.118164
167 10074659.459459 1417.130859
168 10118376.648649 1417.143555
169 10122946.594595 1417.156250
170 10135247.567568 1417.168945
171 10109871.567568 1417.181641
172 10085846.486486 1417.194336
173 10113335.351351 1417.207031
174 10101385.513514 1417.219727
175 10037487.567568 1417.232422
176 10044128.864865 1417.245117
177 10143155.891892 1417.257812
178 10081633.729730 1417.270508
179 10060196.324324 1417.283203
180 10088314.810811 1417.295898
181 10105651.891892 1417.308594
182 10054593.729730 1417.321289
183 10074829.837838 1417.333984
184 10102644.756757 1417.346680
185 10043431.783784 1417.359375
186 10055748.324324 1417.372070
187 10107389.405405 1417.384766
188 10127760.432432 1417.397461
189 10069193.513514 1417.410156
190 10137190.054054 1417.422852
191 10104331.243243 1417.435547
192 10155668.756757 1417.448242
193 10124896.864865 1417.460938
194 10161948.540541 1417.473633
195 10117612.972973 1417.486328
196 10159608.216216 1417.499023
197 10507506.162162 1417.511719
198 10138534.918919 1417.524414
199 10097058.594595 1417.537109
200 10082944.000000 1417.549805
201 10091273.513514 1417.562500
202 10135525.189189 1417.575195
203 10075717.189189 1417.587891
204 10083276.108108 1417.600586
205 10134193.297297 1417.613281
206 10154433.729730 1417.625977
207 10105780.756757 1417.638672
208 10184763.675676 1417.651367
209 10134412.108108 1417.664062
210 10108171.243243 1417.676758
211 10090141.405405 1417.689453
212 10140824.216216 1417.702148
213 10087860.756757 1417.714844
214 10093133.837838 1417.727539
215 10078899.027027 1417.740234
216 10122413.837838 1417.752930
217 10086042.810811 1417.765625
218 10625090.594595 1417.778320
219 10063384.216216 1417.791016
220 10043840.864865 1417.803711
221 10048469.621622 1417.816406
222 10102339.459459 1417.829102
223 10109270.486486 1417.841797
224 10098493.405405 1417.854492
225 10098765.837838 1417.867188
226 10066188.108108 1417.879883
227 10043033.945946 1417.892578
228 10079357.405405 1417.905273
229 10058221.837838 1417.917969
230 10129356.972973 1417.930664
231 10123858.162162 1417.943359
232 10096529.297297 1417.956055
233 10104540.540541 1417.968750
234 10134129.297297 1417.981445
235 10117235.891892 1417.994141
236 10032001.729730 1418.006836
237 10103142.918919 1418.019531
238 10086057.513514 1418.032227
239 10127632.432432 1418.044922
240 10148491.243243 1418.057617
241 10071572.756757 1418.070312
242 10244613.189189 1418.083008
243 10158607.567568 1418.095703
244 10134410.378378 1418.108398
245 10147385.945946 1418.121094
246 10066265.945946 1418.133789
247 10101435.675676 1418.146484
248 10110968.216216 1418.159180
249 10101196.108108 1418.171875
250 10133548.108108 1418.184570
251 10079108.324324 1418.197266
252 10121180.540541 1418.209961
253 10132364.108108 1418.222656
254 10125305.081081 1418.235352
255 10087584.864865 1418.248047
256 10216240.432432 1418.260742
257 10119664.432432 1418.273438
258 10123974.918919 1418.286133
259 10169507.459459 1418.298828
260 10101799.783784 1418.311523
261 10138980.324324 1418.324219
262 10086668.108108 1418.336914
263 10122021.189189 1418.349609
264 10160074.378378 1418.362305
265 10103426.594595 1418.375000
266 10166476.108108 1418.387695
267 10177333.621622 1418.400391
268 10145917.405405 1418.413086
269 10138610.162162 1418.425781
270 10147650.594595 1418.438477
271 10112505.081081 1418.451172
272 10177288.648649 1418.463867
273 10167890.162162 1418.476562
274 10163436.108108 1418.489258
275 10142260.756757 1418.501953
276 10222662.918919 1418.514648
277 10145625.081081 1418.527344
278 10224655.567568 1418.540039
279 10157233.297297 1418.552734
280 10136221.405405 1418.565430
281 10203731.027027 1418.578125
282 10171257.945946 1418.590820
283 10246694.054054 1418.603516
284 10175113.513514 1418.616211
285 10218348.972973 1418.628906
286 10222260.756757 1418.641602
287 10213001.513514 1418.654297
288 10197381.189189 1418.666992
289 10179684.324324 1418.679688
290 10155510.486486 1418.692383
291 10221980.540541 1418.705078
292 10241048.216216 1418.717773
293 10213168.432432 1418.730469
294 10226277.189189 1418.743164
295 10209609.513514 1418.755859
296 10192609.729730 1418.768555
297 10203817.513514 1418.781250
298 10288686.702703 1418.793945
299 10221101.837838 1418.806641
300 10254221.837838 1418.819336
301 10251023.567568 1418.832031
302 10274590.270270 1418.844727
303 10262554.810811 1418.857422
304 10274326.486486 1418.870117
305 10260553.513514 1418.882812
306 10300319.135135 1418.895508
307 10298437.189189 1418.908203
308 10294868.756757 1418.920898
309 10260621.837838 1418.933594
310 10289272.216216 1418.946289
311 10334714.810811 1418.958984
312 10310122.378378 1418.971680
313 10290194.162162 1418.984375
314 10356501.621622 1418.997070
315 10542200.216216 1419.009766
316 10326399.135135 1419.022461
317 10328043.243243 1419.035156
318 10284161.729730 1419.047852
319 10375452.540541 1419.060547
320 10285452.972973 1419.073242
321 10303868.540541 1419.085938
322 10354380.108108 1419.098633
323 10289676.972973 1419.111328
324 10375713.729730 1419.124023
325 10355270.918919 1419.136719
326 10315906.594595 1419.149414
327 10341713.297297 1419.162109
328 10331178.378378 1419.174805
329 10398536.648649 1419.187500
330 10368701.405405 1419.200195
331 10361049.945946 1419.212891
332 10395638.486486 1419.225586
333 10372368.432432 1419.238281
334 10422467.459459 1419.250977
335 10412883.891892 1419.263672
336 10423979.243243 1419.276367
337 10422788.324324 1419.289062
338 10443313.297297 1419.301758
339 10748835.459459 1419.314453
340 10486078.270270 1419.327148
341 10415910.918919 1419.339844
342 10438319.567568 1419.352539
343 10409485.837838 1419.365234
344 10446943.135135 1419.377930
345 10452953.081081 1419.390625
346 10462974.270270 1419.403320
347 10487524.324324 1419.416016
348 10444680.648649 1419.428711
349 10439008.864865 1419.441406
350 10527312.432432 1419.454102
351 10488352.864865 1419.466797
352 10530956.108108 1419.479492
353 10546796.108108 1419.492188
354 10523027.891892 1419.504883
355 10504615.783784 1419.517578
356 10496234.378378 1419.530273
357 10506560.864865 1419.542969
358 10508544.000000 1419.555664
359 10503193.945946 1419.568359
360 10475696.432432 1419.581055
361 10519692.972973 1419.593750
362 10552863.135135 1419.606445
363 10570853.189189 1419.619141
364 10610879.135135 1419.631836
365 10560867.459459 1419.644531
366 10607944.648649 1419.657227
367 10615986.162162 1419.669922
368 10584609.729730 1419.682617
369 10640975.567568 1419.695312
370 10635070.270270 1419.708008
371 10622275.459459 1419.720703
372 10702234.810811 1419.733398
373 10783777.729730 1419.746094
374 10857430.486486 1419.758789
375 10928442.810811 1419.771484
376 10916277.621622 1419.784180
377 11034899.891892 1419.796875
378 11131974.054054 1419.809570
379 11144508.540541 1419.822266
380 11253094.918919 1419.834961
381 11292343.351351 1419.847656
382 11306235.675676 1419.860352
383 11273149.405405 1419.873047
384 11239234.594595 1419.885742
385 11227529.513514 1419.898438
386 11246828.972973 1419.911133
387 11301216.864865 1419.923828
388 11337902.702703 1419.936523
389 11381749.621622 1419.949219
390 11352562.162162 1419.961914
391 11409664.000000 1419.974609
392 11478361.081081 1419.987305
393 11504473.945946 1420.000000
394 11526777.945946 1420.012695
395 11495271.783784 1420.025391
396 11568518.918919 1420.038086
397 11613818.810811 1420.050781
398 11709042.162162 1420.063477
399 11735943.783784 1420.076172
400 11720554.378378 1420.088867
401 11751414.486486 1420.101562
402 11792538.810811 1420.114258
403 11866569.513514 1420.126953
404 11924878.702703 1420.139648
405 12061083.675676 1420.152344
406 12259513.945946 1420.165039
407 12367808.000000 1420.177734
408 12593588.756757 1420.190430
409 12850213.189189 1420.203125
410 13200353.729730 1420.215820
411 13678294.486486 1420.228516
412 14675113.513514 1420.241211
413 14580926.270270 1420.253906
414 14935050.378378 1420.266602
415 15410440.648649 1420.279297
416 15854848.000000 1420.291992
417 15783837.405405 1420.304688
418 15467912.648649 1420.317383
419 15084026.810811 1420.330078
420 14837005.837838 1420.342773
421 14637296.432432 1420.355469
422 14624444.540541 1420.368164
423 14818854.054054 1420.380859
424 15009427.027027 1420.393555
425 14080894.270270 1420.406250
426 13224339.027027 1420.418945
427 12541649.297297 1420.431641
428 12456251.675676 1420.444336
429 12432789.621622 1420.457031
430 12449396.756757 1420.469727
431 12480752.432432 1420.482422
432 12590946.594595 1420.495117
433 12620556.972973 1420.507812
434 12723874.594595 1420.520508
435 12700399.567568 1420.533203
436 12778547.027027 1420.545898
437 12441794.594595 1420.558594
438 12163449.945946 1420.571289
439 11811387.675676 1420.583984
440 11629381.189189 1420.596680
441 11371721.513514 1420.609375
442 11286285.837838 1420.622070
443 11224309.621622 1420.634766
444 11127681.729730 1420.647461
445 11104163.459459 1420.660156
446 11119252.756757 1420.672852
447 11120401.297297 1420.685547
448 11118368.000000 1420.698242
449 11199635.027027 1420.710938
450 11171774.270270 1420.723633
451 11119562.378378 1420.736328
452 11101491.027027 1420.749023
453 11142988.972973 1420.761719
454 11107449.945946 1420.774414
455 11080292.324324 1420.787109
456 11160698.810811 1420.799805
457 11079616.864865 1420.812500
458 11056825.081081 1420.825195
459 11119728.432432 1420.837891
460 11237504.000000 1420.850586
461 11189761.729730 1420.863281
462 11122759.783784 1420.875977
463 11103074.594595 1420.888672
464 11127490.594595 1420.901367
465 11162263.351351 1420.914062
466 11185550.702703 1420.926758
467 11146803.027027 1420.939453
468 11156967.783784 1420.952148
469 11196123.675676 1420.964844
470 11171798.486486 1420.977539
471 11140254.270270 1420.990234
472 11126685.405405 1421.002930
473 11128926.270270 1421.015625
474 11158718.270270 1421.028320
475 11169259.243243 1421.041016
476 11103186.162162 1421.053711
477 11154697.513514 1421.066406
478 11160614.054054 1421.079102
479 11197639.783784 1421.091797
480 11131514.810811 1421.104492
481 11080454.918919 1421.117188
482 11163400.648649 1421.129883
483 11154440.648649 1421.142578
484 11229947.675676 1421.155273
485 11212641.729730 1421.167969
486 11145252.324324 1421.180664
487 11156468.756757 1421.193359
488 11211281.297297 1421.206055
489 11197906.162162 1421.218750
490 11164173.837838 1421.231445
491 11217031.783784 1421.244141
492 11177923.459459 1421.256836
493 11170833.297297 1421.269531
494 11173410.594595 1421.282227
495 11219372.972973 1421.294922
496 11153932.972973 1421.307617
497 11186350.702703 1421.320312
498 11190073.081081 1421.333008
499 11273980.540541 1421.345703
500 11250556.540541 1421.358398
501 11159489.729730 1421.371094
502 11197683.891892 1421.383789
503 11151394.594595 1421.396484
504 11213717.621622 1421.409180
505 11184732.540541 1421.421875
506 11200403.891892 1421.434570
507 11134314.378378 1421.447266
508 11175150.702703 1421.459961
509 11243176.648649 1421.472656
510 11215479.351351 1421.485352
511 11186353.297297 1421.498047
512 11223036.540541 1421.510742
513 11110962.162162 1421.523438
514 11176528.432432 1421.536133
515 11134350.702703 1421.548828
516 11188711.783784 1421.561523
517 11176856.216216 1421.574219
518 11131982.702703 1421.586914
519 11176817.297297 1421.599609
520 11194666.378378 1421.612305
521 11151893.621622 1421.625000
522 11168443.675676 1421.637695
523 11165659.675676 1421.650391
524 11111225.945946 1421.663086
525 11150190.702703 1421.675781
526 11192904.648649 1421.688477
527 11142932.756757 1421.701172
528 11158803.027027 1421.713867
529 11129721.081081 1421.726562
530 11195808.864865 1421.739258
531 11103873.729730 1421.751953
532 11189617.297297 1421.764648
533 11302080.864865 1421.777344
534 11155846.054054 1421.790039
535 11160298.378378 1421.802734
536 11133190.918919 1421.815430
537 11154072.216216 1421.828125
538 11105535.135135 1421.840820
539 11082960.432432 1421.853516
540 11122542.702703 1421.866211
541 11064620.972973 1421.878906
542 11109139.891892 1421.891602
543 11155900.540541 1421.904297
544 11123456.864865 1421.916992
545 11099211.243243 1421.929688
546 11152783.567568 1421.942383
547 11098529.729730 1421.955078
548 11229179.675676 1421.967773
549 11157405.405405 1421.980469
550 11083345.297297 1421.993164
551 11072345.945946 1422.005859
552 11019213.837838 1422.018555
553 11114616.216216 1422.031250
554 11091833.945946 1422.043945
555 11043322.810811 1422.056641
556 11073969.297297 1422.069336
557 11129059.459459 1422.082031
558 11050300.540541 1422.094727
559 11072296.648649 1422.107422
560 11074496.000000 1422.120117
561 11011980.972973 1422.132812
562 11038247.783784 1422.145508
563 11048166.918919 1422.158203
564 11053495.351351 1422.170898
565 11037122.594595 1422.183594
566 11002896.432432 1422.196289
567 11069587.891892 1422.208984
568 11007115.243243 1422.221680
569 11094976.864865 1422.234375
570 11002771.891892 1422.247070
571 11059392.000000 1422.259766
572 10966336.864865 1422.272461
573 10956911.567568 1422.285156
574 11007068.540541 1422.297852
575 11020167.783784 1422.310547
576 10927865.945946 1422.323242
577 11033984.000000 1422.335938
578 10992320.000000 1422.348633
579 10950590.270270 1422.361328
580 10959412.756757 1422.374023
581 10973156.324324 1422.386719
582 11033202.162162 1422.399414
583 10939762.162162 1422.412109
584 10974558.270270 1422.424805
585 10977665.729730 1422.437500
586 10997185.729730 1422.450195
587 10899350.486486 1422.462891
588 10929996.972973 1422.475586
589 10948569.945946 1422.488281
590 10954036.756757 1422.500977
591 10910941.405405 1422.513672
592 10948722.162162 1422.526367
593 10897926.054054 1422.539062
594 10924323.459459 1422.551758
595 10864614.054054 1422.564453
596 10985064.648649 1422.577148
597 11036022.486486 1422.589844
598 10872589.837838 1422.602539
599 10890252.972973 1422.615234
600 10937544.648649 1422.627930
601 10874425.945946 1422.640625
602 10892812.972973 1422.653320
603 10899563.243243 1422.666016
604 10847594.378378 1422.678711
605 10816522.378378 1422.691406
606 10848448.864865 1422.704102
607 10827037.405405 1422.716797
608 10828625.297297 1422.729492
609 10841605.189189 1422.742188
610 10872451.459459 1422.754883
611 10846487.351351 1422.767578
612 10836518.054054 1422.780273
613 10787888.432432 1422.792969
614 10747776.000000 1422.805664
615 10807520.864865 1422.818359
616 10775825.297297 1422.831055
617 10795831.351351 1422.843750
618 10773667.459459 1422.856445
619 10778186.378378 1422.869141
620 10785293.837838 1422.881836
621 10713498.810811 1422.894531
622 10715984.432432 1422.907227
623 10788732.540541 1422.919922
624 10759482.810811 1422.932617
625 10794502.918919 1422.945312
626 10709671.783784 1422.958008
627 10800630.486486 1422.970703
628 10741827.459459 1422.983398
629 10732825.945946 1422.996094
630 10807384.216216 1423.008789
631 10773166.702703 1423.021484
632 10668619.243243 1423.034180
633 10684708.324324 1423.046875
634 10738610.162162 1423.059570
635 10678118.054054 1423.072266
636 10722894.702703 1423.084961
637 10702679.351351 1423.097656
638 10671851.243243 1423.110352
639 10673501.405405 1423.123047
640 10650240.000000 1423.135742
641 10715480.216216 1423.148438
642 10658260.756757 1423.161133
643 10696596.756757 1423.173828
644 10627660.972973 1423.186523
645 10618840.216216 1423.199219
646 10587274.378378 1423.211914
647 10692467.027027 1423.224609
648 10625287.783784 1423.237305
649 10620399.567568 1423.250000
650 10582619.675676 1423.262695
651 10678741.621622 1423.275391
652 10619699.027027 1423.288086
653 10544842.378378 1423.300781
654 10630258.162162 1423.313477
655 10625067.243243 1423.326172
656 10541516.972973 1423.338867
657 10579964.540541 1423.351562
658 10587289.081081 1423.364258
659 10596901.189189 1423.376953
660 10531490.594595 1423.389648
661 10591481.945946 1423.402344
662 10502208.864865 1423.415039
663 10527397.189189 1423.427734
664 10551211.243243 1423.440430
665 10552621.837838 1423.453125
666 10534839.351351 1423.465820
667 10562438.054054 1423.478516
668 10562207.135135 1423.491211
669 10503300.324324 1423.503906
670 10497510.054054 1423.516602
671 10514169.081081 1423.529297
672 10549031.783784 1423.541992
673 10530277.189189 1423.554688
674 10521462.486486 1423.567383
675 10527094.486486 1423.580078
676 10504469.621622 1423.592773
677 10490529.729730 1423.605469
678 10464092.540541 1423.618164
679 10535755.243243 1423.630859
680 10473840.432432 1423.643555
681 10482426.810811 1423.656250
682 10520188.540541 1423.668945
683 10529472.864865 1423.681641
684 10462468.324324 1423.694336
685 10449948.540541 1423.707031
686 10517241.081081 1423.719727
687 10483263.135135 1423.732422
688 10447758.702703 1423.745117
689 10467465.513514 1423.757812
690 10458432.000000 1423.770508
691 10467416.216216 1423.783203
692 10436482.594595 1423.795898
693 10488482.594595 1423.808594
694 10394611.027027 1423.821289
695 10463239.783784 1423.833984
696 10448831.135135 1423.846680
697 10448795.675676 1423.859375
698 10408827.675676 1423.872070
699 10420001.729730 1423.884766
700 10438867.027027 1423.897461
701 10421184.000000 1423.910156
702 10414368.864865 1423.922852
703 10478798.702703 1423.935547
704 10456536.216216 1423.948242
705 10447842.594595 1423.960938
706 10399068.540541 1423.973633
707 10435272.648649 1423.986328
708 10396717.837838 1423.999023
709 10399038.270270 1424.011719
710 10451653.189189 1424.024414
711 10432076.108108 1424.037109
712 10395933.405405 1424.049805
713 10422047.135135 1424.062500
714 10419372.108108 1424.075195
715 10362886.918919 1424.087891
716 10350701.837838 1424.100586
717 10433493.621622 1424.113281
718 10466701.837838 1424.125977
719 10459206.054054 1424.138672
720 10420449.729730 1424.151367
721 10387946.378378 1424.164062
722 10417362.162162 1424.176758
723 10410201.081081 1424.189453
724 10437427.027027 1424.202148
725 10377606.918919 1424.214844
726 10391264.864865 1424.227539
727 10728159.135135 1424.240234
728 10430805.621622 1424.252930
729 10461810.162162 1424.265625
730 10400220.540541 1424.278320
731 10416239.567568 1424.291016
732 10369018.810811 1424.303711
733 10340204.108108 1424.316406
734 10354474.378378 1424.329102
735 10371037.405405 1424.341797
736 10355520.000000 1424.354492
737 10354117.189189 1424.367188
738 10350135.351351 1424.379883
739 10404535.351351 1424.392578
740 10414200.216216 1424.405273
741 10380230.918919 1424.417969
742 10382273.729730 1424.430664
743 10349603.459459 1424.443359
744 10382035.891892 1424.456055
745 10405935.567568 1424.468750
746 10353631.135135 1424.481445
747 10348231.783784 1424.494141
748 10372023.351351 1424.506836
749 10334016.000000 1424.519531
750 10369349.189189 1424.532227
751 10391517.405405 1424.544922
752 10389659.675676 1424.557617
753 10364727.351351 1424.570312
754 10357102.702703 1424.583008
755 10419758.702703 1424.595703
756 10419022.702703 1424.608398
757 10430471.783784 1424.621094
758 10359418.810811 1424.633789
759 10389875.027027 1424.646484
760 10384457.513514 1424.659180
761 10352849.297297 1424.671875
762 10352487.783784 1424.684570
763 10384006.054054 1424.697266
764 10406897.297297 1424.709961
765 10405416.648649 1424.722656
766 10345193.513514 1424.735352
767 10386062.702703 1424.748047
768 10401388.972973 1424.760742
769 10330436.324324 1424.773438
770 10373969.297297 1424.786133
771 10348819.891892 1424.798828
772 10329100.108108 1424.811523
773 10390574.702703 1424.824219
774 10413592.216216 1424.836914
775 10375429.189189 1424.849609
776 10423533.837838 1424.862305
777 10389998.702703 1424.875000
778 10361746.162162 1424.887695
779 10393685.621622 1424.900391
780 10650939.675676 1424.913086
781 10532391.783784 1424.925781
782 10365467.675676 1424.938477
783 10335041.729730 1424.951172
784 10414681.081081 1424.963867
785 10514763.243243 1424.976562
786 10883615.135135 1424.989258
Spectrum: 1 MJD: 57349.8151 LST: 183740 RA(radians): 4.83245299 DEC(radians): -0.183458345 RA(hhmmss): 18 27 31 DEC(ddmmss): -10 30 41 l(deg): 20 b(deg): 0 LocalDate: 15 11 23 LocalTime: 14 33 48 UTCDate: 15 11 23 UTC: 19 33 48
0 9563357.170068 1415.010742
1 9501762.176871 1415.023438
2 9604746.448980 1415.036133
3 9465170.721088 1415.048828
4 9475093.768707 1415.061523
5 9497716.680272 1415.074219
6 9621055.564626 1415.086914
7 9768747.537415 1415.099609
8 9543632.979592 1415.112305
9 9514449.850340 1415.125000
10 9605082.557823 1415.137695
11 9542225.850340 1415.150391
12 9535029.986395 1415.163086
13 9593067.102041 1415.175781
14 9497963.972789 1415.188477
15 9547196.952381 1415.201172
16 9582713.034014 1415.213867
17 9648896.870748 1415.226562
18 9577745.414966 1415.239258
19 9597876.244898 1415.251953
20 9549615.891156 1415.264648
21 9629975.510204 1415.277344
22 9617601.306122 1415.290039
23 9629446.965986 1415.302734
24 9768765.823129 1415.315430
25 9642873.904762 1415.328125
26 9628189.605442 1415.340820
27 9662572.843537 1415.353516
28 9614487.510204 1415.366211
29 9667881.795918 1415.378906
30 9692451.700680 1415.391602
31 9700455.619048 1415.404297
32 9687070.476190 1415.416992
33 9703232.435374 1415.429688
34 9692491.755102 1415.442383
35 9724924.517007 1415.455078
36 9741900.625850 1415.467773
37 9686880.653061 1415.480469
38 9687088.761905 1415.493164
39 9644965.442177 1415.505859
40 9753550.367347 1415.518555
41 9755991.074830 1415.531250
42 9764227.482993 1415.543945
43 9768419.265306 1415.556641
44 9719270.748299 1415.569336
45 9769742.802721 1415.582031
46 9783687.836735 1415.594727
47 9738491.646259 1415.607422
48 9907944.489796 1415.620117
49 10012572.734694 1415.632812
50 9759346.938776 1415.645508
51 9787133.387755 1415.658203
52 9819316.244898 1415.670898
53 9840152.380952 1415.683594
54 9777257.360544 1415.696289
55 9839308.625850 1415.708984
56 9826962.285714 1415.721680
57 9798039.510204 1415.734375
58 9840806.312925 1415.747070
59 9804746.884354 1415.759766
60 9844931.047619 1415.772461
61 9847552.870748 1415.785156
62 9805047.292517 1415.797852
63 9843806.040816 1415.810547
64 9868347.210884 1415.823242
65 9796628.027211 1415.835938
66 9872188.081633 1415.848633
67 9907512.598639 1415.861328
68 9869450.448980 1415.874023
69 9902833.197279 1415.886719
70 9877735.619048 1415.899414
71 9824051.374150 1415.912109
72 9894569.795918 1415.924805
73 10004771.700680 1415.937500
74 9923893.986395 1415.950195
75 9969428.897959 1415.962891
76 10005355.972789 1415.975586
77 9941517.061224 1415.988281
78 9963912.707483 1416.000977
79 10024631.727891 1416.013672
80 9978455.945578 1416.026367
81 9929396.244898 1416.039062
82 9914477.714286 1416.051758
83 9954093.278912 1416.064453
84 9982122.666667 1416.077148
85 9903687.401361 1416.089844
86 9991469.278912 1416.102539
87 9950049.523810 1416.115234
88 9980099.918367 1416.127930
89 9957726.911565 1416.140625
90 10020195.265306 1416.153320
91 9999869.387755 1416.166016
92 9941618.068027 1416.178711
93 9985033.578231 1416.191406
94 9922910.911565 1416.204102
95 9985598.693878 1416.216797
96 9925420.408163 1416.229492
97 9986017.523810 1416.242188
98 10045515.755102 1416.254883
99 9998676.462585 1416.267578
100 9964436.897959 1416.280273
101 9979962.340136 1416.292969
102 9983639.510204 1416.305664
103 9973092.136054 1416.318359
104 9986388.462585 1416.331055
105 10009762.829932 1416.343750
106 9954733.278912 1416.356445
107 10037315.918367 1416.369141
108 10018360.598639 1416.381836
109 9990259.809524 1416.394531
110 9980425.578231 1416.407227
111 9995203.047619 1416.419922
112 10017913.034014 1416.432617
113 10042098.938776 1416.445312
114 9983620.353741 1416.458008
115 10089493.768707 1416.470703
116 9997093.442177 1416.483398
117 10076916.680272 1416.496094
118 10022298.122449 1416.508789
119 10046567.619048 1416.521484
120 10072232.054422 1416.534180
121 10103320.380952 1416.546875
122 10031902.476190 1416.559570
123 10051600.544218 1416.572266
124 10039356.952381 1416.584961
125 10049886.911565 1416.597656
126 10089853.387755 1416.610352
127 10002810.775510 1416.623047
128 10048309.986395 1416.635742
129 10081520.326531 1416.648438
130 10092867.047619 1416.661133
131 10097614.367347 1416.673828
132 10039224.598639 1416.686523
133 10082864.761905 1416.699219
134 10084172.625850 1416.711914
135 10068240.544218 1416.724609
136 10049817.251701 1416.737305
137 10082741.115646 1416.750000
138 10106885.224490 1416.762695
139 10095808.435374 1416.775391
140 10076705.088435 1416.788086
141 10055672.163265 1416.800781
142 10130275.265306 1416.813477
143 10079520.217687 1416.826172
144 10058895.673469 1416.838867
145 10228268.408163 1416.851562
146 10197910.639456 1416.864258
147 10090897.414966 1416.876953
148 10077900.625850 1416.889648
149 10151567.673469 1416.902344
150 10107120.326531 1416.915039
151 10141419.102041 1416.927734
152 10121593.904762 1416.940430
153 10145918.258503 1416.953125
154 10063556.789116 1416.965820
155 10131227.863946 1416.978516
156 10090250.448980 1416.991211
157 10113737.142857 1417.003906
158 10152730.122449 1417.016602
159 10107883.972789 1417.029297
160 10074718.040816 1417.041992
161 10108363.755102 1417.054688
162 10107191.727891 1417.067383
163 10117984.653061 1417.080078
164 10130642.721088 1417.092773
165 10131629.278912 1417.105469
166 10144901.224490 1417.118164
167 10063717.877551 1417.130859
168 10079323.428571 1417.143555
169 10139470.367347 1417.156250
170 10233880.380952 1417.168945
171 10161053.605442 1417.181641
172 10128454.530612 1417.194336
173 10119066.993197 1417.207031
174 10107802.122449 1417.219727
175 10137463.292517 1417.232422
176 10081711.891156 1417.245117
177 10098676.680272 1417.257812
178 10095298.176871 1417.270508
179 10081781.551020 1417.283203
180 10139794.285714 1417.295898
181 10126926.367347 1417.308594
182 10116554.013605 1417.321289
183 10103376.108844 1417.333984
184 10055694.802721 1417.346680
185 10125601.959184 1417.359375
186 10075901.387755 1417.372070
187 10129880.816327 1417.384766
188 10046149.659864 1417.397461
189 10052157.823129 1417.410156
190 10052630.639456 1417.422852
191 10093119.564626 1417.435547
192 10084120.380952 1417.448242
193 10141800.489796 1417.460938
194 10120459.319728 1417.473633
195 10168446.258503 1417.486328
196 10210095.020408 1417.499023
197 10598514.068027 1417.511719
198 10057352.707483 1417.524414
199 10136646.530612 1417.537109
200 10098931.809524 1417.549805
201 10105593.904762 1417.562500
202 10106261.768707 1417.575195
203 10107698.503401 1417.587891
204 10126441.360544 1417.600586
205 10135123.591837 1417.613281
206 10145743.238095 1417.625977
207 10138639.673469 1417.638672
208 10121512.925170 1417.651367
209 10106878.258503 1417.664062
210 10121349.224490 1417.676758
211 10062371.700680 1417.689453
212 10099365.442177 1417.702148
213 10091946.666667 1417.714844
214 10085449.142857 1417.727539
215 10079034.340136 1417.740234
216 10132370.285714 1417.752930
217 10155141.224490 1417.765625
218 10630387.809524 1417.778320
219 10133126.095238 1417.791016
220 10118414.802721 1417.803711
221 10063189.333333 1417.816406
222 10113208.598639 1417.829102
223 10136165.006803 1417.841797
224 10120544.653061 1417.854492
225 10143609.904762 1417.867188
226 10090047.564626 1417.879883
227 10145794.612245 1417.892578
228 10136974.802721 1417.905273
229 10085198.367347 1417.917969
230 10175938.176871 1417.930664
231 10146729.795918 1417.943359
232 10079110.965986 1417.956055
233 10137445.877551 1417.968750
234 10160920.380952 1417.981445
235 10086677.768707 1417.994141
236 10136923.428571 1418.006836
237 10057110.639456 1418.019531
238 10119417.034014 1418.032227
239 10122413.278912 1418.044922
240 10174454.421769 1418.057617
241 10145928.707483 1418.070312
242 10343888.979592 1418.083008
243 10233517.278912 1418.095703
244 10170935.727891 1418.108398
245 10131585.741497 1418.121094
246 10062576.326531 1418.133789
247 10184764.952381 1418.146484
248 10071917.714286 1418.159180
249 10054411.319728 1418.171875
250 10153478.095238 1418.184570
251 10166921.578231 1418.197266
252 10167996.952381 1418.209961
253 10125032.489796 1418.222656
254 10181191.401361 1418.235352
255 10146391.074830 1418.248047
256 10226789.877551 1418.260742
257 10203802.993197 1418.273438
258 10192064.435374 1418.286133
259 10205841.414966 1418.298828
260 10203016.707483 1418.311523
261 10207650.829932 1418.324219
262 10243888.761905 1418.336914
263 10173837.061224 1418.349609
264 10184042.231293 1418.362305
265 10236764.299320 1418.375000
266 10254767.020408 1418.387695
267 10274066.285714 1418.400391
268 10239386.122449 1418.413086
269 10313431.074830 1418.425781
270 10251704.598639 1418.438477
271 10225422.802721 1418.451172
272 10256389.224490 1418.463867
273 10234307.918367 1418.476562
274 10303272.925170 1418.489258
275 10313724.517007 1418.501953
276 10295821.931973 1418.514648
277 10288510.258503 1418.527344
278 10315395.482993 1418.540039
279 10323756.408163 1418.552734
280 10277522.285714 1418.565430
281 10348249.687075 1418.578125
282 10279364.789116 1418.590820
283 10427590.530612 1418.603516
284 10345992.707483 1418.616211
285 10390249.360544 1418.628906
286 10299940.571429 1418.641602
287 10351686.530612 1418.654297
288 10306388.462585 1418.666992
289 10298873.904762 1418.679688
290 10372196.136054 1418.692383
291 10357696.435374 1418.705078
292 10335622.095238 1418.717773
293 10379904.000000 1418.730469
294 10386803.809524 1418.743164
295 10392582.965986 1418.755859
296 10383010.829932 1418.768555
297 10350107.863946 1418.781250
298 10395372.843537 1418.793945
299 10372807.401361 1418.806641
300 10385043.156463 1418.819336
301 10354196.897959 1418.832031
302 10310531.482993 1418.844727
303 10363151.673469 1418.857422
304 10378529.088435 1418.870117
305 10413739.537415 1418.882812
306 10391286.421769 1418.895508
307 10390460.952381 1418.908203
308 10403462.965986 1418.920898
309 10346949.659864 1418.933594
310 10428475.210884 1418.946289
311 10403996.734694 1418.958984
312 10444597.986395 1418.971680
313 10455461.442177 1418.984375
314 10465761.523810 1418.997070
315 10633971.809524 1419.009766
316 10454558.476190 1419.022461
317 10456412.299320 1419.035156
318 10467430.748299 1419.047852
319 10459188.244898 1419.060547
320 10457068.843537 1419.073242
321 10462941.170068 1419.085938
322 10476944.544218 1419.098633
323 10444156.517007 1419.111328
324 10453346.394558 1419.124023
325 10513801.578231 1419.136719
326 10472559.455782 1419.149414
327 10500965.006803 1419.162109
328 10412817.414966 1419.174805
329 10486266.775510 1419.187500
330 10485016.380952 1419.200195
331 10514782.040816 1419.212891
332 10538174.693878 1419.225586
333 10474346.231293 1419.238281
334 10489771.537415 1419.250977
335 10477788.299320 1419.263672
336 10518205.823129 1419.276367
337 10527542.857143 1419.289062
338 10534642.938776 1419.301758
339 10873567.782313 1419.314453
340 10590802.721088 1419.327148
341 10475561.795918 1419.339844
342 10587620.136054 1419.352539
343 10506241.741497 1419.365234
344 10519517.170068 1419.377930
345 10520109.278912 1419.390625
346 10563704.163265 1419.403320
347 10572831.346939 1419.416016
348 10560763.646259 1419.428711
349 10528780.190476 1419.441406
350 10616407.074830 1419.454102
351 10554024.054422 1419.466797
352 10535409.197279 1419.479492
353 10603376.326531 1419.492188
354 10579012.789116 1419.504883
355 10628626.285714 1419.517578
356 10557384.272109 1419.530273
357 10621276.299320 1419.542969
358 10613759.129252 1419.555664
359 10613622.421769 1419.568359
360 10572094.693878 1419.581055
361 10620800.000000 1419.593750
362 10586704.108844 1419.606445
363 10672617.360544 1419.619141
364 10627213.931973 1419.631836
365 10675769.469388 1419.644531
366 10650599.619048 1419.657227
367 10642682.775510 1419.669922
368 10678076.081633 1419.682617
369 10670690.394558 1419.695312
370 10715326.693878 1419.708008
371 10704117.551020 1419.720703
372 10723663.238095 1419.733398
373 10819907.918367 1419.746094
374 10871233.306122 1419.758789
375 11001314.394558 1419.771484
376 11098649.251701 1419.784180
377 11087474.938776 1419.796875
378 11215933.823129 1419.809570
379 11257540.789116 1419.822266
380 11344544.217687 1419.834961
381 11368687.455782 1419.847656
382 11437034.231293 1419.860352
383 11431163.646259 1419.873047
384 11424584.272109 1419.885742
385 11356861.823129 1419.898438
386 11405895.401361 1419.911133
387 11431849.795918 1419.923828
388 11463246.367347 1419.936523
389 11486096.544218 1419.949219
390 11528245.115646 1419.961914
391 11579453.823129 1419.974609
392 11561566.040816 1419.987305
393 11700809.142857 1420.000000
394 11715155.591837 1420.012695
395 11756128.653061 1420.025391
396 11739930.993197 1420.038086
397 11689424.108844 1420.050781
398 11810501.659864 1420.063477
399 11893480.489796 1420.076172
400 11958533.224490 1420.088867
401 11892634.122449 1420.101562
402 12047811.047619 1420.114258
403 12036719.455782 1420.126953
404 12132648.925170 1420.139648
405 12318293.333333 1420.152344
406 12386281.360544 1420.165039
407 12597555.374150 1420.177734
408 12780872.272109 1420.190430
409 13056995.265306 1420.203125
410 13433444.136054 1420.215820
411 13830566.312925 1420.228516
412 14867964.517007 1420.241211
413 14842125.931973 1420.253906
414 15274609.197279 1420.266602
415 15620897.088435 1420.279297
416 15929356.190476 1420.291992
417 15938697.578231 1420.304688
418 15605220.136054 1420.317383
419 15260736.435374 1420.330078
420 15058282.231293 1420.342773
421 14780236.625850 1420.355469
422 14881210.340136 1420.368164
423 14953050.557823 1420.380859
424 15148355.918367 1420.393555
425 14243093.768707 1420.406250
426 13416863.346939 1420.418945
427 12792472.380952 1420.431641
428 12662730.013605 1420.444336
429 12635436.408163 1420.457031
430 12594971.863946 1420.469727
431 12691255.727891 1420.482422
432 12713612.190476 1420.495117
433 12872846.802721 1420.507812
434 12857654.857143 1420.520508
435 12900519.183673 1420.533203
436 12880783.673469 1420.545898
437 12556915.809524 1420.558594
438 12288247.292517 1420.571289
439 11902970.775510 1420.583984
440 11710166.204082 1420.596680
441 11558480.108844 1420.609375
442 11468462.149660 1420.622070
443 11350126.585034 1420.634766
444 11314475.537415 1420.647461
445 11288929.523810 1420.660156
446 11275379.809524 1420.672852
447 11273562.557823 1420.685547
448 11261060.353741 1420.698242
449 11269797.442177 1420.710938
450 11241930.013605 1420.723633
451 11203231.346939 1420.736328
452 11181007.238095 1420.749023
453 11281591.727891 1420.761719
454 11298688.000000 1420.774414
455 11248134.965986 1420.787109
456 11232906.448980 1420.799805
457 11206902.421769 1420.812500
458 11224084.027211 1420.825195
459 11266795.102041 1420.837891
460 11280337.850340 1420.850586
461 11237018.993197 1420.863281
462 11233724.081633 1420.875977
463 11252822.204082 1420.888672
464 11237789.605442 1420.901367
465 11279061.333333 1420.914062
466 11260515.265306 1420.926758
467 11212201.795918 1420.939453
468 11237931.537415 1420.952148
469 11152308.244898 1420.964844
470 11228719.020408 1420.977539
471 11212584.054422 1420.990234
472 11177580.843537 1421.002930
473 11196530.068027 1421.015625
474 11223592.054422 1421.028320
475 11200170.666667 1421.041016
476 11151437.496599 1421.053711
477 11185716.244898 1421.066406
478 11222298.993197 1421.079102
479 11201794.612245 1421.091797
480 11187357.605442 1421.104492
481 11248435.374150 1421.117188
482 11215055.238095 1421.129883
483 11226567.401361 1421.142578
484 11205066.884354 1421.155273
485 11360304.761905 1421.167969
486 11239361.306122 1421.180664
487 11270772.680272 1421.193359
488 11235199.129252 1421.206055
489 11209069.714286 1421.218750
490 11194926.149660 1421.231445
491 11290709.333333 1421.244141
492 11236904.925170 1421.256836
493 11257818.557823 1421.269531
494 11331591.836735 1421.282227
495 11270889.360544 1421.294922
496 11276667.646259 1421.307617
497 11331110.312925 1421.320312
498 11295734.421769 1421.333008
499 11351766.204082 1421.345703
500 11333742.585034 1421.358398
501 11309413.006803 1421.371094
502 11340237.496599 1421.383789
503 11357539.265306 1421.396484
504 11294742.639456 1421.409180
505 11329116.299320 1421.421875
506 11387693.278912 1421.434570
507 11341732.571429 1421.447266
508 11308138.231293 1421.459961
509 11406388.244898 1421.472656
510 11338372.353741 1421.485352
511 11331344.544218 1421.498047
512 11308081.632653 1421.510742
513 11309608.054422 1421.523438
514 11336367.891156 1421.536133
515 11357156.136054 1421.548828
516 11369413.659864 1421.561523
517 11309730.829932 1421.574219
518 11294481.414966 1421.586914
519 11265109.333333 1421.599609
520 11263847.619048 1421.612305
521 11306225.197279 1421.625000
522 11335638.204082 1421.637695
523 11318588.952381 1421.650391
524 11260005.006803 1421.663086
525 11315625.795918 1421.675781
526 11318515.809524 1421.688477
527 11309052.517007 1421.701172
528 11301440.435374 1421.713867
529 11294131.374150 1421.726562
530 11245682.938776 1421.739258
531 11240522.884354 1421.751953
532 11297015.292517 1421.764648
533 11515536.544218 1421.777344
534 11246829.714286 1421.790039
535 11289939.591837 1421.802734
536 11284049.850340 1421.815430
537 11257148.081633 1421.828125
538 11247166.693878 1421.840820
539 11262983.836735 1421.853516
540 11253358.585034 1421.866211
541 11269478.748299 1421.878906
542 11259657.578231 1421.891602
543 11247816.272109 1421.904297
544 11211824.761905 1421.916992
545 11199791.891156 1421.929688
546 11223813.224490 1421.942383
547 11264680.925170 1421.955078
548 11310593.741497 1421.967773
549 11299581.387755 1421.980469
550 11190692.571429 1421.993164
551 11224384.435374 1422.005859
552 11166945.523810 1422.018555
553 11243674.993197 1422.031250
554 11208064.870748 1422.043945
555 11169024.000000 1422.056641
556 11147622.748299 1422.069336
557 11256772.789116 1422.082031
558 11168972.625850 1422.094727
559 11134903.727891 1422.107422
560 11135750.965986 1422.120117
561 11123927.945578 1422.132812
562 11196709.442177 1422.145508
563 11165220.571429 1422.158203
564 11180465.632653 1422.170898
565 11182383.891156 1422.183594
566 11108608.000000 1422.196289
567 11127950.802721 1422.208984
568 11156358.095238 1422.221680
569 11122516.462585 1422.234375
570 11108061.170068 1422.247070
571 11156385.959184 1422.259766
572 11085428.680272 1422.272461
573 11068611.047619 1422.285156
574 11123686.748299 1422.297852
575 11134133.115646 1422.310547
576 11059482.122449 1422.323242
577 11131410.285714 1422.335938
578 11108227.482993 1422.348633
579 11070566.748299 1422.361328
580 11071217.197279 1422.374023
581 11075560.489796 1422.386719
582 11132896.653061 1422.399414
583 11080234.666667 1422.412109
584 11078579.374150 1422.424805
585 11105145.904762 1422.437500
586 11036080.761905 1422.450195
587 11013044.244898 1422.462891
588 10989776.108844 1422.475586
589 10996942.367347 1422.488281
590 10954227.809524 1422.500977
591 10983821.061224 1422.513672
592 10996098.612245 1422.526367
593 11024134.965986 1422.539062
594 10996929.306122 1422.551758
595 11006647.727891 1422.564453
596 11002702.367347 1422.577148
597 11130274.829932 1422.589844
598 11026123.755102 1422.602539
599 10969633.088435 1422.615234
600 11019437.278912 1422.627930
601 11015261.170068 1422.640625
602 11001578.231293 1422.653320
603 10974457.904762 1422.666016
604 10942605.061224 1422.678711
605 10972651.102041 1422.691406
606 10920003.918367 1422.704102
607 10993990.530612 1422.716797
608 10909468.734694 1422.729492
609 10903482.340136 1422.742188
610 10895865.904762 1422.754883
611 10899374.149660 1422.767578
612 10930367.564626 1422.780273
613 10865025.741497 1422.792969
614 10833334.857143 1422.805664
615 10858906.993197 1422.818359
616 10935319.510204 1422.831055
617 10916118.639456 1422.843750
618 10902360.816327 1422.856445
619 10891670.639456 1422.869141
620 10829258.013605 1422.881836
621 10847903.346939 1422.894531
622 10896707.918367 1422.907227
623 10866969.251701 1422.919922
624 10832824.598639 1422.932617
625 10835027.591837 1422.945312
626 10843024.544218 1422.958008
627 10862256.761905 1422.970703
628 10864675.700680 1422.983398
629 10817288.707483 1422.996094
630 10832234.231293 1423.008789
631 10761979.646259 1423.021484
632 10827987.591837 1423.034180
633 10785711.891156 1423.046875
634 10840158.911565 1423.059570
635 10762578.721088 1423.072266
636 10756452.136054 1423.084961
637 10745793.306122 1423.097656
638 10784595.591837 1423.110352
639 10734898.503401 1423.123047
640 10755819.102041 1423.135742
641 10714630.095238 1423.148438
642 10727491.047619 1423.161133
643 10698096.326531 1423.173828
644 10714762.448980 1423.186523
645 10737757.170068 1423.199219
646 10677564.952381 1423.211914
647 10747143.836735 1423.224609
648 10682991.455782 1423.237305
649 10667883.972789 1423.250000
650 10727745.306122 1423.262695
651 10680310.421769 1423.275391
652 10627213.061224 1423.288086
653 10677170.503401 1423.300781
654 10690958.802721 1423.313477
655 10683672.380952 1423.326172
656 10628592.326531 1423.338867
657 10692594.938776 1423.351562
658 10672516.353741 1423.364258
659 10632801.523810 1423.376953
660 10672673.959184 1423.389648
661 10611999.346939 1423.402344
662 10608662.639456 1423.415039
663 10626824.707483 1423.427734
664 10601857.741497 1423.440430
665 10575098.775510 1423.453125
666 10654704.326531 1423.465820
667 10584693.551020 1423.478516
668 10692089.904762 1423.491211
669 10576185.469388 1423.503906
670 10592316.952381 1423.516602
671 10602257.414966 1423.529297
672 10586636.190476 1423.541992
673 10585951.782313 1423.554688
674 10575261.605442 1423.567383
675 10656381.387755 1423.580078
676 10607404.408163 1423.592773
677 10583539.809524 1423.605469
678 10582594.176871 1423.618164
679 10597277.605442 1423.630859
680 10601377.959184 1423.643555
681 10573819.646259 1423.656250
682 10588728.598639 1423.668945
683 10593905.197279 1423.681641
684 10572618.884354 1423.694336
685 10519053.061224 1423.707031
686 10553501.605442 1423.719727
687 10529693.605442 1423.732422
688 10588604.952381 1423.745117
689 10549783.510204 1423.757812
690 10605384.272109 1423.770508
691 10549178.340136 1423.783203
692 10520530.721088 1423.795898
693 10517288.925170 1423.808594
694 10573999.020408 1423.821289
695 10585317.877551 1423.833984
696 10560715.755102 1423.846680
697 10610321.414966 1423.859375
698 10492957.605442 1423.872070
699 10536478.476190 1423.884766
700 10542392.598639 1423.897461
701 10507148.190476 1423.910156
702 10496919.510204 1423.922852
703 10498268.299320 1423.935547
704 10510184.489796 1423.948242
705 10514581.768707 1423.960938
706 10531149.496599 1423.973633
707 10486447.891156 1423.986328
708 10538435.918367 1423.999023
709 10522557.823129 1424.011719
710 10457981.387755 1424.024414
711 10459731.591837 1424.037109
712 10502440.925170 1424.049805
713 10500387.700680 1424.062500
714 10520195.482993 1424.075195
715 10513296.544218 1424.087891
716 10529854.693878 1424.100586
717 10531562.231293 1424.113281
718 10477280.653061 1424.125977
719 10545561.251701 1424.138672
720 10455948.190476 1424.151367
721 10541853.605442 1424.164062
722 10422442.666667 1424.176758
723 10368761.034014 1424.189453
724 10436744.707483 1424.202148
725 10399661.278912 1424.214844
726 10440780.625850 1424.227539
727 10757996.843537 1424.240234
728 10426387.156463 1424.252930
729 10445645.496599 1424.265625
730 10469422.149660 1424.278320
731 10405804.408163 1424.291016
732 10461952.870748 1424.303711
733 10374721.306122 1424.316406
734 10404180.462585 1424.329102
735 10500690.721088 1424.341797
736 10437247.129252 1424.354492
737 10461476.571429 1424.367188
738 10380800.870748 1424.379883
739 10436017.632653 1424.392578
740 10410766.802721 1424.405273
741 10406568.054422 1424.417969
742 10442118.965986 1424.430664
743 10369835.537415 1424.443359
744 10363966.693878 1424.456055
745 10407363.047619 1424.468750
746 10397127.401361 1424.481445
747 10401642.231293 1424.494141
748 10449677.061224 1424.506836
749 10442855.619048 1424.519531
750 10452712.489796 1424.532227
751 10525713.414966 1424.544922
752 10478210.612245 1424.557617
753 10424471.510204 1424.570312
754 10416518.965986 1424.583008
755 10443056.761905 1424.595703
756 10401874.721088 1424.608398
757 10453461.333333 1424.621094
758 10480454.530612 1424.633789
759 10408588.190476 1424.646484
760 10488379.210884 1424.659180
761 10433438.476190 1424.671875
762 10483716.353741 1424.684570
763 10492742.530612 1424.697266
764 10472542.040816 1424.709961
765 10488539.428571 1424.722656
766 10478584.163265 1424.735352
767 10414166.204082 1424.748047
768 10466256.979592 1424.760742
769 10466460.734694 1424.773438
770 10497569.088435 1424.786133
771 10473111.510204 1424.798828
772 10502636.843537 1424.811523
773 10498140.299320 1424.824219
774 10577772.843537 1424.836914
775 10491259.646259 1424.849609
776 10492786.068027 1424.862305
777 10528739.265306 1424.875000
778 10494368.217687 1424.887695
779 10540514.394558 1424.900391
780 10878888.925170 1424.913086
781 10609345.306122 1424.925781
782 10525198.802721 1424.938477
783 10505555.591837 1424.951172
784 10600857.251701 1424.963867
785 10646066.503401 1424.976562
786 11039738.775510 1424.989258
Spectrum: 2 MJD: 57349.8152 LST: 183749 RA(radians): 4.8325258 DEC(radians): -0.183461323 RA(hhmmss): 18 27 32 DEC(ddmmss): -10 30 41 l(deg): 20 b(deg): 0 LocalDate: 15 11 23 LocalTime: 14 33 57 UTCDate: 15 11 23 UTC: 19 33 57
0 9909651.156463 1415.010742
1 9868978.503401 1415.023438
2 9973641.578231 1415.036133
3 9851370.231293 1415.048828
4 9837514.013605 1415.061523
5 9843374.149660 1415.074219
6 9959174.095238 1415.086914
7 10167013.006803 1415.099609
8 9914893.931973 1415.112305
9 9951600.326531 1415.125000
10 9888714.884354 1415.137695
11 9902164.462585 1415.150391
12 9934233.251701 1415.163086
13 9915806.476190 1415.175781
14 9971003.210884 1415.188477
15 9915406.802721 1415.201172
16 9913680.979592 1415.213867
17 9952209.850340 1415.226562
18 9981102.149660 1415.239258
19 9949837.061224 1415.251953
20 9933984.217687 1415.264648
21 9954975.346939 1415.277344
22 10040884.244898 1415.290039
23 9978765.931973 1415.302734
24 10130950.965986 1415.315430
25 10002407.619048 1415.328125
26 10035076.353741 1415.340820
27 10065826.829932 1415.353516
28 10050429.387755 1415.366211
29 10050157.714286 1415.378906
30 9987125.986395 1415.391602
31 10024758.857143 1415.404297
32 10059034.993197 1415.416992
33 10024862.476190 1415.429688
34 9976439.292517 1415.442383
35 10097822.476190 1415.455078
36 10092185.251701 1415.467773
37 10005428.244898 1415.480469
38 10048640.000000 1415.493164
39 10056711.836735 1415.505859
40 10079737.904762 1415.518555
41 10133412.571429 1415.531250
42 10105362.285714 1415.543945
43 10100967.619048 1415.556641
44 10127761.414966 1415.569336
45 10124568.380952 1415.582031
46 10094442.231293 1415.594727
47 10124811.319728 1415.607422
48 10286429.170068 1415.620117
49 10355851.319728 1415.632812
50 10179525.659864 1415.645508
51 10185216.870748 1415.658203
52 10153425.850340 1415.670898
53 10150209.306122 1415.683594
54 10196492.190476 1415.696289
55 10153512.054422 1415.708984
56 10152441.904762 1415.721680
57 10137789.823129 1415.734375
58 10131611.863946 1415.747070
59 10118331.210884 1415.759766
60 10103092.244898 1415.772461
61 10099512.598639 1415.785156
62 10093534.040816 1415.797852
63 10118951.183673 1415.810547
64 10131346.285714 1415.823242
65 10116637.605442 1415.835938
66 10131205.224490 1415.848633
67 10115390.693878 1415.861328
68 10155485.170068 1415.874023
69 10043351.074830 1415.886719
70 10100048.979592 1415.899414
71 10120620.408163 1415.912109
72 10111296.435374 1415.924805
73 10278509.714286 1415.937500
74 10176539.863946 1415.950195
75 10188251.428571 1415.962891
76 10093126.530612 1415.975586
77 10121932.625850 1415.988281
78 10091159.510204 1416.000977
79 10250152.925170 1416.013672
80 10213828.789116 1416.026367
81 10118106.557823 1416.039062
82 10119007.782313 1416.051758
83 10131225.251701 1416.064453
84 10182933.768707 1416.077148
85 10150270.258503 1416.089844
86 10127431.401361 1416.102539
87 10178392.816327 1416.115234
88 10177997.496599 1416.127930
89 10183860.244898 1416.140625
90 10152902.530612 1416.153320
91 10163939.265306 1416.166016
92 10163658.884354 1416.178711
93 10178316.190476 1416.191406
94 10131833.904762 1416.204102
95 10158376.925170 1416.216797
96 10150190.149660 1416.229492
97 10140959.346939 1416.242188
98 10124434.285714 1416.254883
99 10156046.802721 1416.267578
100 10082396.299320 1416.280273
101 10146193.414966 1416.292969
102 10096298.666667 1416.305664
103 10071641.687075 1416.318359
104 10099990.639456 1416.331055
105 10062470.095238 1416.343750
106 10119817.578231 1416.356445
107 10136128.435374 1416.369141
108 10078665.142857 1416.381836
109 10090701.496599 1416.394531
110 10089410.176871 1416.407227
111 10069036.408163 1416.419922
112 10093705.578231 1416.432617
113 10093594.122449 1416.445312
114 10075196.952381 1416.458008
115 10068877.931973 1416.470703
116 10127274.666667 1416.483398
117 10018904.816327 1416.496094
118 10055189.768707 1416.508789
119 10013976.380952 1416.521484
120 10094794.884354 1416.534180
121 10114359.727891 1416.546875
122 10064938.666667 1416.559570
123 10092676.353741 1416.572266
124 10099312.326531 1416.584961
125 10102200.598639 1416.597656
126 10119346.503401 1416.610352
127 10104965.224490 1416.623047
128 10056720.544218 1416.635742
129 10048880.326531 1416.648438
130 10124849.632653 1416.661133
131 10107985.850340 1416.673828
132 10113523.809524 1416.686523
133 10168924.299320 1416.699219
134 10083253.115646 1416.711914
135 10199300.353741 1416.724609
136 10133150.476190 1416.737305
137 10104043.102041 1416.750000
138 10139212.625850 1416.762695
139 10194215.183673 1416.775391
140 10159959.945578 1416.788086
141 10186959.238095 1416.800781
142 10200756.244898 1416.813477
143 10252768.653061 1416.826172
144 10199089.632653 1416.838867
145 10290434.612245 1416.851562
146 10328448.000000 1416.864258
147 10321862.530612 1416.876953
148 10265601.741497 1416.889648
149 10229564.081633 1416.902344
150 10279754.013605 1416.915039
151 10284121.687075 1416.927734
152 10306918.748299 1416.940430
153 10292021.115646 1416.953125
154 10283213.496599 1416.965820
155 10250986.231293 1416.978516
156 10285028.136054 1416.991211
157 10278773.551020 1417.003906
158 10260900.571429 1417.016602
159 10292998.965986 1417.029297
160 10329195.972789 1417.041992
161 10313843.809524 1417.054688
162 10303216.326531 1417.067383
163 10283864.816327 1417.080078
164 10300235.755102 1417.092773
165 10298977.523810 1417.105469
166 10313168.979592 1417.118164
167 10242737.632653 1417.130859
168 10327939.482993 1417.143555
169 10315413.768707 1417.156250
170 10367665.632653 1417.168945
171 10309444.789116 1417.181641
172 10304439.727891 1417.194336
173 10275728.544218 1417.207031
174 10250888.707483 1417.219727
175 10275276.625850 1417.232422
176 10239649.959184 1417.245117
177 10233100.190476 1417.257812
178 10197280.217687 1417.270508
179 10259651.918367 1417.283203
180 10269689.904762 1417.295898
181 10264946.068027 1417.308594
182 10193651.809524 1417.321289
183 10271496.707483 1417.333984
184 10160950.857143 1417.346680
185 10181911.510204 1417.359375
186 10142791.401361 1417.372070
187 10175505.414966 1417.384766
188 10172659.809524 1417.397461
189 10167344.761905 1417.410156
190 10191541.115646 1417.422852
191 10181008.544218 1417.435547
192 10162183.836735 1417.448242
193 10241872.979592 1417.460938
194 10259456.870748 1417.473633
195 10252907.102041 1417.486328
196 10262593.306122 1417.499023
197 10619761.197279 1417.511719
198 10184863.346939 1417.524414
199 10161131.972789 1417.537109
200 10157228.408163 1417.549805
201 10219125.551020 1417.562500
202 10189109.986395 1417.575195
203 10210337.088435 1417.587891
204 10204750.367347 1417.600586
205 10143038.693878 1417.613281
206 10171883.102041 1417.625977
207 10195968.000000 1417.638672
208 10152758.857143 1417.651367
209 10161705.795918 1417.664062
210 10165845.333333 1417.676758
211 10188672.000000 1417.689453
212 10122836.462585 1417.702148
213 10130101.986395 1417.714844
214 10174212.353741 1417.727539
215 10166068.244898 1417.740234
216 10122959.238095 1417.752930
217 10160379.646259 1417.765625
218 10661567.564626 1417.778320
219 10108942.802721 1417.791016
220 10188921.904762 1417.803711
221 10143110.965986 1417.816406
222 10183191.510204 1417.829102
223 10194448.544218 1417.841797
224 10162570.448980 1417.854492
225 10157709.931973 1417.867188
226 10182025.578231 1417.879883
227 10156443.863946 1417.892578
228 10252024.163265 1417.905273
229 10164190.040816 1417.917969
230 10238695.619048 1417.930664
231 10215154.068027 1417.943359
232 10231666.938776 1417.956055
233 10212873.578231 1417.968750
234 10210485.115646 1417.981445
235 10257670.095238 1417.994141
236 10282371.482993 1418.006836
237 10242528.653061 1418.019531
238 10212542.693878 1418.032227
239 10268864.435374 1418.044922
240 10266092.843537 1418.057617
241 10287474.068027 1418.070312
242 10366652.952381 1418.083008
243 10332846.149660 1418.095703
244 10250673.632653 1418.108398
245 10355655.401361 1418.121094
246 10369855.564626 1418.133789
247 10334164.462585 1418.146484
248 10353633.523810 1418.159180
249 10343592.925170 1418.171875
250 10376688.326531 1418.184570
251 10420392.925170 1418.197266
252 10408126.693878 1418.209961
253 10432352.653061 1418.222656
254 10521424.979592 1418.235352
255 10482491.210884 1418.248047
256 10528574.693878 1418.260742
257 10537408.435374 1418.273438
258 10599960.380952 1418.286133
259 10578563.482993 1418.298828
260 10624596.462585 1418.311523
261 10624664.380952 1418.324219
262 10730172.081633 1418.336914
263 10729074.938776 1418.349609
264 10728987.863946 1418.362305
265 10801691.863946 1418.375000
266 10823810.612245 1418.387695
267 10874410.666667 1418.400391
268 10931414.204082 1418.413086
269 10836542.693878 1418.425781
270 10906106.775510 1418.438477
271 10968217.251701 1418.451172
272 10989089.959184 1418.463867
273 10971296.217687 1418.476562
274 11054447.455782 1418.489258
275 11070891.537415 1418.501953
276 11138911.782313 1418.514648
277 11158364.299320 1418.527344
278 11134010.340136 1418.540039
279 11218575.673469 1418.552734
280 11195105.523810 1418.565430
281 11249335.727891 1418.578125
282 11301814.857143 1418.590820
283 11324335.891156 1418.603516
284 11235202.612245 1418.616211
285 11317323.755102 1418.628906
286 11306084.136054 1418.641602
287 11317438.693878 1418.654297
288 11323753.360544 1418.666992
289 11250183.836735 1418.679688
290 11310142.693878 1418.692383
291 11339691.537415 1418.705078
292 11303537.197279 1418.717773
293 11308064.217687 1418.730469
294 11322434.176871 1418.743164
295 11260466.503401 1418.755859
296 11287474.503401 1418.768555
297 11241666.176871 1418.781250
298 11170094.149660 1418.793945
299 11237602.394558 1418.806641
300 11107534.367347 1418.819336
301 11145419.755102 1418.832031
302 11145503.346939 1418.844727
303 11122485.115646 1418.857422
304 11108275.374150 1418.870117
305 11170793.360544 1418.882812
306 11134167.074830 1418.895508
307 11202977.088435 1418.908203
308 11167723.972789 1418.920898
309 11175747.918367 1418.933594
310 11227676.734694 1418.946289
311 11249781.551020 1418.958984
312 11229793.523810 1418.971680
313 11243406.802721 1418.984375
314 11238609.850340 1418.997070
315 11440882.938776 1419.009766
316 11263417.469388 1419.022461
317 11298453.768707 1419.035156
318 11333338.557823 1419.047852
319 11286050.829932 1419.060547
320 11322547.374150 1419.073242
321 11295568.979592 1419.085938
322 11288378.340136 1419.098633
323 11278025.142857 1419.111328
324 11281706.666667 1419.124023
325 11261806.585034 1419.136719
326 11300197.006803 1419.149414
327 11342740.897959 1419.162109
328 11287526.748299 1419.174805
329 11271325.605442 1419.187500
330 11204659.374150 1419.200195
331 11228968.925170 1419.212891
332 11223548.517007 1419.225586
333 11283647.564626 1419.238281
334 11190126.585034 1419.250977
335 11186435.482993 1419.263672
336 11294063.455782 1419.276367
337 11189578.013605 1419.289062
338 11267704.163265 1419.301758
339 11526040.380952 1419.314453
340 11265295.673469 1419.327148
341 11181755.210884 1419.339844
342 11224282.557823 1419.352539
343 11119739.646259 1419.365234
344 11152682.666667 1419.377930
345 11116361.142857 1419.390625
346 11164265.360544 1419.403320
347 11111863.727891 1419.416016
348 11132463.891156 1419.428711
349 11047696.544218 1419.441406
350 11086502.312925 1419.454102
351 11103663.020408 1419.466797
352 11041931.319728 1419.479492
353 11036909.714286 1419.492188
354 10977751.945578 1419.504883
355 11061309.823129 1419.517578
356 10961654.421769 1419.530273
357 11029975.074830 1419.542969
358 11028731.646259 1419.555664
359 10967269.877551 1419.568359
360 11004067.700680 1419.581055
361 10988110.367347 1419.593750
362 10983147.102041 1419.606445
363 11081478.965986 1419.619141
364 11050704.979592 1419.631836
365 11049707.972789 1419.644531
366 11058077.605442 1419.657227
367 11051654.965986 1419.669922
368 11109969.850340 1419.682617
369 11144920.816327 1419.695312
370 11236990.258503 1419.708008
371 11293568.870748 1419.720703
372 11324819.156463 1419.733398
373 11426607.891156 1419.746094
374 11454187.102041 1419.758789
375 11612409.904762 1419.771484
376 11674588.299320 1419.784180
377 11778101.115646 1419.796875
378 11958377.360544 1419.809570
379 12101189.659864 1419.822266
380 12116613.224490 1419.834961
381 12114008.816327 1419.847656
382 12167592.054422 1419.860352
383 12190843.646259 1419.873047
384 12275408.108844 1419.885742
385 12253287.619048 1419.898438
386 12270236.734694 1419.911133
387 12362859.102041 1419.923828
388 12509807.455782 1419.936523
389 12445191.836735 1419.949219
390 12548536.598639 1419.961914
391 12666472.489796 1419.974609
392 12699129.034014 1419.987305
393 12790406.095238 1420.000000
394 12723221.768707 1420.012695
395 12802494.693878 1420.025391
396 12840534.204082 1420.038086
397 12925867.537415 1420.050781
398 12935920.326531 1420.063477
399 12936712.707483 1420.076172
400 13098772.897959 1420.088867
401 13026601.795918 1420.101562
402 13103299.918367 1420.114258
403 13191884.625850 1420.126953
404 13358570.231293 1420.139648
405 13282551.292517 1420.152344
406 13538176.870748 1420.165039
407 13671107.047619 1420.177734
408 13890361.469388 1420.190430
409 14166837.115646 1420.203125
410 14530681.034014 1420.215820
411 15043965.387755 1420.228516
412 16164547.047619 1420.241211
413 15969271.292517 1420.253906
414 16445732.571429 1420.266602
415 16838708.244898 1420.279297
416 17156965.006803 1420.291992
417 17145908.244898 1420.304688
418 16737953.959184 1420.317383
419 16494534.530612 1420.330078
420 16225286.965986 1420.342773
421 15884596.244898 1420.355469
422 15948705.959184 1420.368164
423 16085244.517007 1420.380859
424 16228073.360544 1420.393555
425 15330356.244898 1420.406250
426 14490644.027211 1420.418945
427 13959537.197279 1420.431641
428 13733225.360544 1420.444336
429 13600622.585034 1420.457031
430 13670942.476190 1420.469727
431 13601324.408163 1420.482422
432 13778661.006803 1420.495117
433 13846326.857143 1420.507812
434 13870778.340136 1420.520508
435 13844590.585034 1420.533203
436 13881958.748299 1420.545898
437 13597397.333333 1420.558594
438 13184509.387755 1420.571289
439 12790314.666667 1420.583984
440 12545477.659864 1420.596680
441 12415274.666667 1420.609375
442 12298399.346939 1420.622070
443 12242229.986395 1420.634766
444 12135888.108844 1420.647461
445 12065492.462585 1420.660156
446 12092857.469388 1420.672852
447 12043949.278912 1420.685547
448 11950569.360544 1420.698242
449 12015348.680272 1420.710938
450 11947149.061224 1420.723633
451 11908689.850340 1420.736328
452 11886841.904762 1420.749023
453 11900085.986395 1420.761719
454 11891312.326531 1420.774414
455 11898751.129252 1420.787109
456 11813482.231293 1420.799805
457 11862723.918367 1420.812500
458 11799888.108844 1420.825195
459 11732538.340136 1420.837891
460 11769995.319728 1420.850586
461 11728376.163265 1420.863281
462 11664818.503401 1420.875977
463 11725902.367347 1420.888672
464 11715984.544218 1420.901367
465 11705381.442177 1420.914062
466 11638292.897959 1420.926758
467 11706134.639456 1420.939453
468 11605621.551020 1420.952148
469 11534436.136054 1420.964844
470 11645389.496599 1420.977539
471 11566192.326531 1420.990234
472 11570776.816327 1421.002930
473 11590378.231293 1421.015625
474 11627753.360544 1421.028320
475 11583823.238095 1421.041016
476 11555004.952381 1421.053711
477 11533536.653061 1421.066406
478 11629446.965986 1421.079102
479 11543950.802721 1421.091797
480 11593428.462585 1421.104492
481 11561492.897959 1421.117188
482 11571856.544218 1421.129883
483 11694897.632653 1421.142578
484 11634567.836735 1421.155273
485 11688849.414966 1421.167969
486 11671404.843537 1421.180664
487 11621600.653061 1421.193359
488 11666654.911565 1421.206055
489 11724355.047619 1421.218750
490 11687880.272109 1421.231445
491 11726944.653061 1421.244141
492 11705028.789116 1421.256836
493 11716330.231293 1421.269531
494 11834725.877551 1421.282227
495 11801500.734694 1421.294922
496 11845099.102041 1421.307617
497 11921574.312925 1421.320312
498 11865504.217687 1421.333008
499 11900799.129252 1421.345703
500 11889257.360544 1421.358398
501 11934228.027211 1421.371094
502 11941840.108844 1421.383789
503 12010216.489796 1421.396484
504 12070521.034014 1421.409180
505 12071570.285714 1421.421875
506 12100330.231293 1421.434570
507 12109559.292517 1421.447266
508 12130305.741497 1421.459961
509 12202246.095238 1421.472656
510 12189606.312925 1421.485352
511 12124489.142857 1421.498047
512 12181652.027211 1421.510742
513 12154137.251701 1421.523438
514 12127955.591837 1421.536133
515 12185882.122449 1421.548828
516 12137755.863946 1421.561523
517 12063145.795918 1421.574219
518 12152739.700680 1421.586914
519 12081796.353741 1421.599609
520 12135394.394558 1421.612305
521 12087309.931973 1421.625000
522 12057990.965986 1421.637695
523 12098162.938776 1421.650391
524 12039006.040816 1421.663086
525 12049899.102041 1421.675781
526 12098703.673469 1421.688477
527 12078294.204082 1421.701172
528 12022720.435374 1421.713867
529 12064597.333333 1421.726562
530 12027192.598639 1421.739258
531 11995115.972789 1421.751953
532 11950437.877551 1421.764648
533 12101544.925170 1421.777344
534 12010586.557823 1421.790039
535 11969005.714286 1421.802734
536 11919572.462585 1421.815430
537 11944391.401361 1421.828125
538 11923682.394558 1421.840820
539 11865957.877551 1421.853516
540 11846494.911565 1421.866211
541 11902174.040816 1421.878906
542 11850922.666667 1421.891602
543 11882210.394558 1421.904297
544 11897731.482993 1421.916992
545 11832178.938776 1421.929688
546 11841569.088435 1421.942383
547 11870322.938776 1421.955078
548 11883242.231293 1421.967773
549 11978927.020408 1421.980469
550 11839153.632653 1421.993164
551 11796239.673469 1422.005859
552 11810741.986395 1422.018555
553 11744690.503401 1422.031250
554 11835087.238095 1422.043945
555 11814105.687075 1422.056641
556 11834183.401361 1422.069336
557 11836287.129252 1422.082031
558 11815282.938776 1422.094727
559 11807879.836735 1422.107422
560 11800730.122449 1422.120117
561 11762982.312925 1422.132812
562 11731123.374150 1422.145508
563 11738976.653061 1422.158203
564 11755491.265306 1422.170898
565 11647212.843537 1422.183594
566 11728047.891156 1422.196289
567 11746606.149660 1422.208984
568 11742874.122449 1422.221680
569 11787641.904762 1422.234375
570 11716622.802721 1422.247070
571 11770989.714286 1422.259766
572 11691290.993197 1422.272461
573 11758457.904762 1422.285156
574 11747771.210884 1422.297852
575 11815805.387755 1422.310547
576 11768253.823129 1422.323242
577 11778951.836735 1422.335938
578 11822888.925170 1422.348633
579 11735742.693878 1422.361328
580 11780525.278912 1422.374023
581 11789351.183673 1422.386719
582 11723318.857143 1422.399414
583 11761451.537415 1422.412109
584 11715462.095238 1422.424805
585 11686553.251701 1422.437500
586 11660908.843537 1422.450195
587 11642282.666667 1422.462891
588 11709001.142857 1422.475586
589 11691683.700680 1422.488281
590 11636766.476190 1422.500977
591 11631644.734694 1422.513672
592 11646744.380952 1422.526367
593 11588190.040816 1422.539062
594 11576058.775510 1422.551758
595 11583086.585034 1422.564453
596 11618593.959184 1422.577148
597 11670933.768707 1422.589844
598 11535571.591837 1422.602539
599 11540757.768707 1422.615234
600 11512822.421769 1422.627930
601 11547014.965986 1422.640625
602 11550397.823129 1422.653320
603 11420008.489796 1422.666016
604 11432477.605442 1422.678711
605 11347895.727891 1422.691406
606 11431403.102041 1422.704102
607 11390127.020408 1422.716797
608 11357467.863946 1422.729492
609 11410317.931973 1422.742188
610 11345378.394558 1422.754883
611 11411429.006803 1422.767578
612 11432034.394558 1422.780273
613 11436192.217687 1422.792969
614 11372470.857143 1422.805664
615 11456422.312925 1422.818359
616 11450334.911565 1422.831055
617 11417723.646259 1422.843750
618 11376175.891156 1422.856445
619 11465011.374150 1422.869141
620 11439277.278912 1422.881836
621 11449047.945578 1422.894531
622 11401968.326531 1422.907227
623 11417765.442177 1422.919922
624 11359668.244898 1422.932617
625 11438613.768707 1422.945312
626 11397278.476190 1422.958008
627 11391717.877551 1422.970703
628 11368218.122449 1422.983398
629 11357896.272109 1422.996094
630 11341884.952381 1423.008789
631 11345810.285714 1423.021484
632 11289957.006803 1423.034180
633 11298198.639456 1423.046875
634 11335404.843537 1423.059570
635 11183479.292517 1423.072266
636 11230378.666667 1423.084961
637 11253753.904762 1423.097656
638 11171240.925170 1423.110352
639 11227396.353741 1423.123047
640 11154153.360544 1423.135742
641 11103836.299320 1423.148438
642 11129100.190476 1423.161133
643 11188328.489796 1423.173828
644 11069441.741497 1423.186523
645 11132456.925170 1423.199219
646 11044098.612245 1423.211914
647 11066415.020408 1423.224609
648 11062668.190476 1423.237305
649 11103917.278912 1423.250000
650 11060773.442177 1423.262695
651 11039873.741497 1423.275391
652 11039528.925170 1423.288086
653 10966168.380952 1423.300781
654 11097188.136054 1423.313477
655 11005196.190476 1423.326172
656 10957459.156463 1423.338867
657 11023018.666667 1423.351562
658 11023441.850340 1423.364258
659 10922490.775510 1423.376953
660 10892655.455782 1423.389648
661 11020242.721088 1423.402344
662 10948644.571429 1423.415039
663 10926579.809524 1423.427734
664 10967261.170068 1423.440430
665 10940037.224490 1423.453125
666 10959440.979592 1423.465820
667 10948397.278912 1423.478516
668 11006486.639456 1423.491211
669 10939192.598639 1423.503906
670 10912484.136054 1423.516602
671 11018745.904762 1423.529297
672 10982494.911565 1423.541992
673 11080660.462585 1423.554688
674 10988895.782313 1423.567383
675 11029168.761905 1423.580078
676 11087029.986395 1423.592773
677 11040617.360544 1423.605469
678 11095797.551020 1423.618164
679 11094173.605442 1423.630859
680 11031895.945578 1423.643555
681 11025226.884354 1423.656250
682 11048902.530612 1423.668945
683 11025785.034014 1423.681641
684 10964535.727891 1423.694336
685 11099722.884354 1423.707031
686 11062810.993197 1423.719727
687 11066021.442177 1423.732422
688 11027439.455782 1423.745117
689 11100644.136054 1423.757812
690 11010691.482993 1423.770508
691 11022557.170068 1423.783203
692 11046718.693878 1423.795898
693 11020389.877551 1423.808594
694 11071831.074830 1423.821289
695 11003415.510204 1423.833984
696 11087752.707483 1423.846680
697 11063848.925170 1423.859375
698 11077169.632653 1423.872070
699 11025277.387755 1423.884766
700 11066066.721088 1423.897461
701 11060935.401361 1423.910156
702 11067383.292517 1423.922852
703 11123518.693878 1423.935547
704 11112419.265306 1423.948242
705 11069732.571429 1423.960938
706 11036890.557823 1423.973633
707 11082686.693878 1423.986328
708 11027375.020408 1423.999023
709 10969147.210884 1424.011719
710 11024356.136054 1424.024414
711 11017789.823129 1424.037109
712 10946582.639456 1424.049805
713 10943919.891156 1424.062500
714 11013230.585034 1424.075195
715 10913060.571429 1424.087891
716 10891711.564626 1424.100586
717 10872395.755102 1424.113281
718 10865803.319728 1424.125977
719 10836075.972789 1424.138672
720 10835037.170068 1424.151367
721 10737562.993197 1424.164062
722 10761683.591837 1424.176758
723 10731826.503401 1424.189453
724 10766873.251701 1424.202148
725 10713315.265306 1424.214844
726 10707154.721088 1424.227539
727 11065719.292517 1424.240234
728 10709524.027211 1424.252930
729 10640729.687075 1424.265625
730 10656306.503401 1424.278320
731 10637417.360544 1424.291016
732 10615681.741497 1424.303711
733 10607316.462585 1424.316406
734 10597263.673469 1424.329102
735 10639325.170068 1424.341797
736 10626387.591837 1424.354492
737 10682128.544218 1424.367188
738 10627018.013605 1424.379883
739 10620203.537415 1424.392578
740 10655779.700680 1424.405273
741 10613117.387755 1424.417969
742 10688009.578231 1424.430664
743 10669412.136054 1424.443359
744 10659197.387755 1424.456055
745 10645113.034014 1424.468750
746 10610594.829932 1424.481445
747 10686534.530612 1424.494141
748 10683482.557823 1424.506836
749 10722346.666667 1424.519531
750 10736065.306122 1424.532227
751 10797277.170068 1424.544922
752 10827406.802721 1424.557617
753 10817859.047619 1424.570312
754 10811202.176871 1424.583008
755 10827243.972789 1424.595703
756 10792729.251701 1424.608398
757 10834431.129252 1424.621094
758 10882283.972789 1424.633789
759 10874819.918367 1424.646484
760 10955203.918367 1424.659180
761 10900650.666667 1424.671875
762 10866904.816327 1424.684570
763 11022518.857143 1424.697266
764 10932945.850340 1424.709961
765 11059376.761905 1424.722656
766 10998006.421769 1424.735352
767 11071083.972789 1424.748047
768 11170280.489796 1424.760742
769 11090213.442177 1424.773438
770 11118160.108844 1424.786133
771 11081323.102041 1424.798828
772 11186781.170068 1424.811523
773 11229489.632653 1424.824219
774 11265303.510204 1424.836914
775 11273912.598639 1424.849609
776 11273311.782313 1424.862305
777 11256651.755102 1424.875000
778 11300332.843537 1424.887695
779 11393425.414966 1424.900391
780 11634779.428571 1424.913086
781 11551749.224490 1424.925781
782 11398588.952381 1424.938477
783 11407899.863946 1424.951172
784 11525853.170068 1424.963867
785 11617785.904762 1424.976562
786 11953632.653061 1424.989258
