/home/jobim2/a410/pcapfiles/pcap000
file /home/jobim2/a410/pcapfiles/pcap000 exists
1448310962
9.74305e+06 power
data sorted, averaged, written
/home/jobim2/a410/pcapfiles/pcap001
file /home/jobim2/a410/pcapfiles/pcap001 exists
1448310972
9.74283e+06 power
data sorted, averaged, written
/home/jobim2/a410/pcapfiles/pcap002
file /home/jobim2/a410/pcapfiles/pcap002 exists
1448310982
9.77536e+06 power
data sorted, averaged, written
/home/jobim2/a410/pcapfiles/pcap003
file /home/jobim2/a410/pcapfiles/pcap003 exists
1448310991
9.75878e+06 power
data sorted, averaged, written
/home/jobim2/a410/pcapfiles/pcap004
file /home/jobim2/a410/pcapfiles/pcap004 exists
1448311001
9.75475e+06 power
data sorted, averaged, written
/home/jobim2/a410/pcapfiles/pcap005
file /home/jobim2/a410/pcapfiles/pcap005 exists
1448311011
9.75544e+06 power
data sorted, averaged, written
/home/jobim2/a410/pcapfiles/pcap006
file /home/jobim2/a410/pcapfiles/pcap006 exists
1448311020
9.77397e+06 power
data sorted, averaged, written
/home/jobim2/a410/pcapfiles/pcap007
file /home/jobim2/a410/pcapfiles/pcap007 exists
1448311030
9.76131e+06 power
data sorted, averaged, written
/home/jobim2/a410/pcapfiles/pcap008
file /home/jobim2/a410/pcapfiles/pcap008 exists
1448311040
9.75343e+06 power
data sorted, averaged, written
/home/jobim2/a410/pcapfiles/pcap009
file /home/jobim2/a410/pcapfiles/pcap009 exists
1448311050
9.76355e+06 power
data sorted, averaged, written
